Log file open, 05/27/21 23:16:11
LogInit: Display: Running engine for game: BallRunner
LogPlatformFile: Not using cached read wrapper
LogTaskGraph: Started task graph with 5 named threads and 35 total threads with 3 sets of task threads.
LogStats: Stats thread started at 0.087889
LogD3D11RHI: Loaded GFSDK_Aftermath_Lib.x64.dll
LogICUInternationalization: ICU TimeZone Detection - Raw Offset: +1:00, Platform Override: ''
LogPluginManager: Mounting plugin Paper2D
LogPluginManager: Mounting plugin AISupport
LogPluginManager: Mounting plugin LightPropagationVolume
LogPluginManager: Mounting plugin CameraShakePreviewer
LogPluginManager: Mounting plugin ActorLayerUtilities
LogPluginManager: Mounting plugin AnimationSharing
LogPluginManager: Mounting plugin CLionSourceCodeAccess
LogPluginManager: Mounting plugin CodeLiteSourceCodeAccess
LogPluginManager: Mounting plugin GitSourceControl
LogPluginManager: Mounting plugin KDevelopSourceCodeAccess
LogPluginManager: Mounting plugin NullSourceCodeAccess
LogPluginManager: Mounting plugin PerforceSourceControl
LogPluginManager: Mounting plugin PlasticSourceControl
LogPluginManager: Mounting plugin RiderSourceCodeAccess
LogPluginManager: Mounting plugin SubversionSourceControl
LogPluginManager: Mounting plugin UObjectPlugin
LogPluginManager: Mounting plugin VisualStudioCodeSourceCodeAccess
LogPluginManager: Mounting plugin VisualStudioSourceCodeAccess
LogPluginManager: Mounting plugin XCodeSourceCodeAccess
LogPluginManager: Mounting plugin AssetManagerEditor
LogPluginManager: Mounting plugin CryptoKeys
LogPluginManager: Mounting plugin CurveEditorTools
LogPluginManager: Mounting plugin DataValidation
LogPluginManager: Mounting plugin EditorScriptingUtilities
LogPluginManager: Mounting plugin FacialAnimation
LogPluginManager: Mounting plugin GameplayTagsEditor
LogPluginManager: Mounting plugin GeometryMode
LogPluginManager: Mounting plugin MacGraphicsSwitching
LogPluginManager: Mounting plugin MaterialAnalyzer
LogPluginManager: Mounting plugin MobileLauncherProfileWizard
LogPluginManager: Mounting plugin PluginBrowser
LogPluginManager: Mounting plugin SpeedTreeImporter
LogPluginManager: Mounting plugin DatasmithContent
LogPluginManager: Mounting plugin VariantManagerContent
LogPluginManager: Mounting plugin AlembicImporter
LogPluginManager: Mounting plugin AutomationUtils
LogPluginManager: Mounting plugin BackChannel
LogPluginManager: Mounting plugin ChaosCloth
LogPluginManager: Mounting plugin ChaosClothEditor
LogPluginManager: Mounting plugin ChaosEditor
LogPluginManager: Mounting plugin ChaosNiagara
LogPluginManager: Mounting plugin ChaosSolverPlugin
LogPluginManager: Mounting plugin CharacterAI
LogPluginManager: Mounting plugin GeometryCache
LogPluginManager: Mounting plugin GeometryCollectionPlugin
LogPluginManager: Mounting plugin GeometryProcessing
LogPluginManager: Mounting plugin PlanarCut
LogPluginManager: Mounting plugin PlatformCrypto
LogPluginManager: Mounting plugin ProxyLODPlugin
LogPluginManager: Mounting plugin SkeletalReduction
LogPluginManager: Mounting plugin Niagara
LogPluginManager: Mounting plugin MagicLeap
LogPluginManager: Mounting plugin MagicLeapLightEstimation
LogPluginManager: Mounting plugin MagicLeapMedia
LogPluginManager: Mounting plugin MagicLeapPassableWorld
LogPluginManager: Mounting plugin MLSDK
LogPluginManager: Mounting plugin AndroidMedia
LogPluginManager: Mounting plugin AvfMedia
LogPluginManager: Mounting plugin ImgMedia
LogPluginManager: Mounting plugin MediaCompositing
LogPluginManager: Mounting plugin MediaPlayerEditor
LogPluginManager: Mounting plugin WebMMedia
LogPluginManager: Mounting plugin WmfMedia
LogPluginManager: Mounting plugin MeshPainting
LogPluginManager: Mounting plugin TcpMessaging
LogPluginManager: Mounting plugin UdpMessaging
LogPluginManager: Mounting plugin ActorSequence
LogPluginManager: Mounting plugin LevelSequenceEditor
LogPluginManager: Mounting plugin MatineeToLevelSequence
LogPluginManager: Mounting plugin MovieRenderPipeline
LogPluginManager: Mounting plugin TemplateSequence
LogPluginManager: Mounting plugin NetcodeUnitTest
LogPluginManager: Mounting plugin NUTUnrealEngine4
LogPluginManager: Mounting plugin OnlineSubsystemGooglePlay
LogPluginManager: Mounting plugin OnlineSubsystemIOS
LogPluginManager: Mounting plugin OnlineSubsystem
LogPluginManager: Mounting plugin OnlineSubsystemNull
LogPluginManager: Mounting plugin OnlineSubsystemUtils
LogPluginManager: Mounting plugin LauncherChunkInstaller
LogPluginManager: Mounting plugin AndroidDeviceProfileSelector
LogPluginManager: Mounting plugin AndroidMoviePlayer
LogPluginManager: Mounting plugin AndroidPermission
LogPluginManager: Mounting plugin AppleImageUtils
LogPluginManager: Mounting plugin AppleMoviePlayer
LogPluginManager: Mounting plugin ArchVisCharacter
LogPluginManager: Mounting plugin AssetTags
LogPluginManager: Mounting plugin AudioCapture
LogPluginManager: Mounting plugin CableComponent
LogPluginManager: Mounting plugin CustomMeshComponent
LogPluginManager: Mounting plugin EditableMesh
LogPluginManager: Mounting plugin ExampleDeviceProfileSelector
LogPluginManager: Mounting plugin GoogleCloudMessaging
LogPluginManager: Mounting plugin GooglePAD
LogPluginManager: Mounting plugin IOSDeviceProfileSelector
LogPluginManager: Mounting plugin LinuxDeviceProfileSelector
LogPluginManager: Mounting plugin LocationServicesBPLibrary
LogPluginManager: Mounting plugin MobilePatchingUtils
LogPluginManager: Mounting plugin OculusVR
LogPluginManager: Mounting plugin PhysXVehicles
LogPluginManager: Mounting plugin PostSplashScreen
LogPluginManager: Mounting plugin ProceduralMeshComponent
LogPluginManager: Mounting plugin RuntimePhysXCooking
LogPluginManager: Mounting plugin SignificanceManager
LogPluginManager: Mounting plugin SoundFields
LogPluginManager: Mounting plugin SteamVR
LogPluginManager: Mounting plugin Synthesis
LogPluginManager: Mounting plugin WebMMoviePlayer
LogPluginManager: Mounting plugin WindowsMoviePlayer
LogPluginManager: Mounting plugin ScreenshotTools
LogInit: Using libcurl 7.55.1-DEV
LogInit:  - built for x86_64-pc-win32
LogInit:  - supports SSL with OpenSSL/1.1.1
LogInit:  - supports HTTP deflate (compression) using libz 1.2.8
LogInit:  - other features:
LogInit:      CURL_VERSION_SSL
LogInit:      CURL_VERSION_LIBZ
LogInit:      CURL_VERSION_IPV6
LogInit:      CURL_VERSION_ASYNCHDNS
LogInit:      CURL_VERSION_LARGEFILE
LogInit:      CURL_VERSION_IDN
LogInit:  CurlRequestOptions (configurable via config and command line):
LogInit:  - bVerifyPeer = true  - Libcurl will verify peer certificate
LogInit:  - bUseHttpProxy = false  - Libcurl will NOT use HTTP proxy
LogInit:  - bDontReuseConnections = false  - Libcurl will reuse connections
LogInit:  - MaxHostConnections = 16  - Libcurl will limit the number of connections to a host
LogInit:  - LocalHostAddr = Default
LogInit:  - BufferSize = 65536
LogOnline: OSS: Creating online subsystem instance for: NULL
LogInit: WinSock: version 1.1 (2.2), MaxSocks=32767, MaxUdp=65467
LogOnline: OSS: TryLoadSubsystemAndSetDefault: Loaded subsystem for module [NULL]
LogInit: Build: ++UE4+Release-4.25-CL-13144385
LogInit: Engine Version: 4.25.0-13144385+++UE4+Release-4.25
LogInit: Compatible Engine Version: 4.25.0-13144385+++UE4+Release-4.25
LogInit: Net CL: 13144385
LogInit: OS: Windows 10 (Release 2004) (), CPU: Intel(R) Core(TM) i7-8700K CPU @ 3.70GHz, GPU: NVIDIA GeForce GTX 1080
LogInit: Compiled (64-bit): May  2 2020 02:12:11
LogInit: Compiled with Visual C++: 19.24.28315.00
LogInit: Build Configuration: Development
LogInit: Branch Name: ++UE4+Release-4.25
LogInit: Command Line: 
LogInit: Base Directory: D:/GRY/UE_4.25/Engine/Binaries/Win64/
LogInit: Allocator: TBB
LogInit: Installed Engine Build: 1
LogDevObjectVersion: Number of dev versions registered: 26
LogDevObjectVersion:   Dev-Blueprints (B0D832E4-1F89-4F0D-ACCF-7EB736FD4AA2): 10
LogDevObjectVersion:   Dev-Build (E1C64328-A22C-4D53-A36C-8E866417BD8C): 0
LogDevObjectVersion:   Dev-Core (375EC13C-06E4-48FB-B500-84F0262A717E): 4
LogDevObjectVersion:   Dev-Editor (E4B068ED-F494-42E9-A231-DA0B2E46BB41): 38
LogDevObjectVersion:   Dev-Framework (CFFC743F-43B0-4480-9391-14DF171D2073): 37
LogDevObjectVersion:   Dev-Mobile (B02B49B5-BB20-44E9-A304-32B752E40360): 2
LogDevObjectVersion:   Dev-Networking (A4E4105C-59A1-49B5-A7C5-40C4547EDFEE): 0
LogDevObjectVersion:   Dev-Online (39C831C9-5AE6-47DC-9A44-9C173E1C8E7C): 0
LogDevObjectVersion:   Dev-Physics (78F01B33-EBEA-4F98-B9B4-84EACCB95AA2): 4
LogDevObjectVersion:   Dev-Platform (6631380F-2D4D-43E0-8009-CF276956A95A): 0
LogDevObjectVersion:   Dev-Rendering (12F88B9F-8875-4AFC-A67C-D90C383ABD29): 43
LogDevObjectVersion:   Dev-Sequencer (7B5AE74C-D270-4C10-A958-57980B212A5A): 12
LogDevObjectVersion:   Dev-VR (D7296918-1DD6-4BDD-9DE2-64A83CC13884): 3
LogDevObjectVersion:   Dev-LoadTimes (C2A15278-BFE7-4AFE-6C17-90FF531DF755): 1
LogDevObjectVersion:   Private-Geometry (6EACA3D4-40EC-4CC1-B786-8BED09428FC5): 3
LogDevObjectVersion:   Dev-AnimPhys (29E575DD-E0A3-4627-9D10-D276232CDCEA): 17
LogDevObjectVersion:   Dev-Anim (AF43A65D-7FD3-4947-9873-3E8ED9C1BB05): 7
LogDevObjectVersion:   Dev-ReflectionCapture (6B266CEC-1EC7-4B8F-A30B-E4D90942FC07): 1
LogDevObjectVersion:   Dev-Automation (0DF73D61-A23F-47EA-B727-89E90C41499A): 1
LogDevObjectVersion:   FortniteMain (601D1886-AC64-4F84-AA16-D3DE0DEAC7D6): 31
LogDevObjectVersion:   Dev-Enterprise (9DFFBCD6-494F-0158-E221-12823C92A888): 10
LogDevObjectVersion:   Dev-Niagara (F2AED0AC-9AFE-416F-8664-AA7FFA26D6FC): 1
LogDevObjectVersion:   Dev-Destruction (174F1F0B-B4C6-45A5-B13F-2EE8D0FB917D): 10
LogDevObjectVersion:   Dev-Physics-Ext (35F94A83-E258-406C-A318-09F59610247C): 37
LogDevObjectVersion:   Dev-PhysicsMaterial-Chaos (B68FC16E-8B1B-42E2-B453-215C058844FE): 1
LogDevObjectVersion:   Dev-CineCamera (B2E18506-4273-CFC2-A54E-F4BB758BBA07): 1
LogInit: Presizing for max 25165824 objects, including 0 objects not considered by GC, pre-allocating 0 bytes for permanent pool.
LogConfig: Applying CVar settings from Section [/Script/Engine.StreamingSettings] File [D:/PLIKI KOMPUTERA/UNI/I MGR/I SEMESTR/silniki/BALLRunneRR/BallRunner/Saved/Config/Windows/Engine.ini]
LogConfig: Setting CVar [[s.MinBulkDataSizeForAsyncLoading:131072]]
LogConfig: Setting CVar [[s.AsyncLoadingThreadEnabled:0]]
LogConfig: Setting CVar [[s.EventDrivenLoaderEnabled:1]]
LogConfig: Setting CVar [[s.WarnIfTimeLimitExceeded:0]]
LogConfig: Setting CVar [[s.TimeLimitExceededMultiplier:1.5]]
LogConfig: Setting CVar [[s.TimeLimitExceededMinTime:0.005]]
LogConfig: Setting CVar [[s.UseBackgroundLevelStreaming:1]]
LogConfig: Setting CVar [[s.PriorityAsyncLoadingExtraTime:15.0]]
LogConfig: Setting CVar [[s.LevelStreamingActorsUpdateTimeLimit:5.0]]
LogConfig: Setting CVar [[s.PriorityLevelStreamingActorsUpdateExtraTime:5.0]]
LogConfig: Setting CVar [[s.LevelStreamingComponentsRegistrationGranularity:10]]
LogConfig: Setting CVar [[s.UnregisterComponentsTimeLimit:1.0]]
LogConfig: Setting CVar [[s.LevelStreamingComponentsUnregistrationGranularity:5]]
LogConfig: Setting CVar [[s.FlushStreamingOnExit:1]]
LogInit: Object subsystem initialized
LogConfig: Setting CVar [[con.DebugEarlyDefault:1]]
LogConfig: Setting CVar [[r.setres:1280x720]]
[2021.05.27-21.16.12:183][  0]LogConfig: Setting CVar [[r.VSync:0]]
[2021.05.27-21.16.12:183][  0]LogConfig: Setting CVar [[r.RHICmdBypass:0]]
[2021.05.27-21.16.12:183][  0]LogConfig: Applying CVar settings from Section [/Script/Engine.RendererSettings] File [D:/PLIKI KOMPUTERA/UNI/I MGR/I SEMESTR/silniki/BALLRunneRR/BallRunner/Saved/Config/Windows/Engine.ini]
[2021.05.27-21.16.12:183][  0]LogConfig: Setting CVar [[r.GPUCrashDebugging:0]]
[2021.05.27-21.16.12:183][  0]LogConfig: Setting CVar [[r.DefaultFeature.AutoExposure:0]]
[2021.05.27-21.16.12:183][  0]LogConfig: Applying CVar settings from Section [/Script/Engine.RendererOverrideSettings] File [D:/PLIKI KOMPUTERA/UNI/I MGR/I SEMESTR/silniki/BALLRunneRR/BallRunner/Saved/Config/Windows/Engine.ini]
[2021.05.27-21.16.12:183][  0]LogConfig: Applying CVar settings from Section [/Script/Engine.StreamingSettings] File [D:/PLIKI KOMPUTERA/UNI/I MGR/I SEMESTR/silniki/BALLRunneRR/BallRunner/Saved/Config/Windows/Engine.ini]
[2021.05.27-21.16.12:183][  0]LogConfig: Setting CVar [[s.MinBulkDataSizeForAsyncLoading:131072]]
[2021.05.27-21.16.12:183][  0]LogConfig: Setting CVar [[s.AsyncLoadingThreadEnabled:0]]
[2021.05.27-21.16.12:183][  0]LogConfig: Setting CVar [[s.EventDrivenLoaderEnabled:1]]
[2021.05.27-21.16.12:183][  0]LogConfig: Setting CVar [[s.WarnIfTimeLimitExceeded:0]]
[2021.05.27-21.16.12:183][  0]LogConfig: Setting CVar [[s.TimeLimitExceededMultiplier:1.5]]
[2021.05.27-21.16.12:183][  0]LogConfig: Setting CVar [[s.TimeLimitExceededMinTime:0.005]]
[2021.05.27-21.16.12:183][  0]LogConfig: Setting CVar [[s.UseBackgroundLevelStreaming:1]]
[2021.05.27-21.16.12:183][  0]LogConfig: Setting CVar [[s.PriorityAsyncLoadingExtraTime:15.0]]
[2021.05.27-21.16.12:183][  0]LogConfig: Setting CVar [[s.LevelStreamingActorsUpdateTimeLimit:5.0]]
[2021.05.27-21.16.12:183][  0]LogConfig: Setting CVar [[s.PriorityLevelStreamingActorsUpdateExtraTime:5.0]]
[2021.05.27-21.16.12:183][  0]LogConfig: Setting CVar [[s.LevelStreamingComponentsRegistrationGranularity:10]]
[2021.05.27-21.16.12:183][  0]LogConfig: Setting CVar [[s.UnregisterComponentsTimeLimit:1.0]]
[2021.05.27-21.16.12:183][  0]LogConfig: Setting CVar [[s.LevelStreamingComponentsUnregistrationGranularity:5]]
[2021.05.27-21.16.12:183][  0]LogConfig: Setting CVar [[s.FlushStreamingOnExit:1]]
[2021.05.27-21.16.12:183][  0]LogConfig: Applying CVar settings from Section [/Script/Engine.GarbageCollectionSettings] File [D:/PLIKI KOMPUTERA/UNI/I MGR/I SEMESTR/silniki/BALLRunneRR/BallRunner/Saved/Config/Windows/Engine.ini]
[2021.05.27-21.16.12:183][  0]LogConfig: Setting CVar [[gc.MaxObjectsNotConsideredByGC:1]]
[2021.05.27-21.16.12:183][  0]LogConfig: Setting CVar [[gc.SizeOfPermanentObjectPool:0]]
[2021.05.27-21.16.12:183][  0]LogConfig: Setting CVar [[gc.FlushStreamingOnGC:0]]
[2021.05.27-21.16.12:183][  0]LogConfig: Setting CVar [[gc.NumRetriesBeforeForcingGC:10]]
[2021.05.27-21.16.12:183][  0]LogConfig: Setting CVar [[gc.AllowParallelGC:1]]
[2021.05.27-21.16.12:183][  0]LogConfig: Setting CVar [[gc.TimeBetweenPurgingPendingKillObjects:61.1]]
[2021.05.27-21.16.12:183][  0]LogConfig: Setting CVar [[gc.MaxObjectsInEditor:25165824]]
[2021.05.27-21.16.12:183][  0]LogConfig: Setting CVar [[gc.IncrementalBeginDestroyEnabled:1]]
[2021.05.27-21.16.12:183][  0]LogConfig: Setting CVar [[gc.CreateGCClusters:1]]
[2021.05.27-21.16.12:183][  0]LogConfig: Setting CVar [[gc.MinGCClusterSize:5]]
[2021.05.27-21.16.12:183][  0]LogConfig: Setting CVar [[gc.ActorClusteringEnabled:0]]
[2021.05.27-21.16.12:183][  0]LogConfig: Setting CVar [[gc.BlueprintClusteringEnabled:0]]
[2021.05.27-21.16.12:183][  0]LogConfig: Setting CVar [[gc.UseDisregardForGCOnDedicatedServers:0]]
[2021.05.27-21.16.12:183][  0]LogConfig: Applying CVar settings from Section [/Script/Engine.NetworkSettings] File [D:/PLIKI KOMPUTERA/UNI/I MGR/I SEMESTR/silniki/BALLRunneRR/BallRunner/Saved/Config/Windows/Engine.ini]
[2021.05.27-21.16.12:183][  0]LogConfig: Applying CVar settings from Section [/Script/UnrealEd.CookerSettings] File [D:/PLIKI KOMPUTERA/UNI/I MGR/I SEMESTR/silniki/BALLRunneRR/BallRunner/Saved/Config/Windows/Engine.ini]
[2021.05.27-21.16.12:187][  0]LogConfig: Applying CVar settings from Section [ViewDistanceQuality@3] File [D:/PLIKI KOMPUTERA/UNI/I MGR/I SEMESTR/silniki/BALLRunneRR/BallRunner/Saved/Config/Windows/Scalability.ini]
[2021.05.27-21.16.12:187][  0]LogConfig: Setting CVar [[r.SkeletalMeshLODBias:0]]
[2021.05.27-21.16.12:187][  0]LogConfig: Setting CVar [[r.ViewDistanceScale:1.0]]
[2021.05.27-21.16.12:187][  0]LogConfig: Applying CVar settings from Section [AntiAliasingQuality@3] File [D:/PLIKI KOMPUTERA/UNI/I MGR/I SEMESTR/silniki/BALLRunneRR/BallRunner/Saved/Config/Windows/Scalability.ini]
[2021.05.27-21.16.12:187][  0]LogConfig: Setting CVar [[r.PostProcessAAQuality:4]]
[2021.05.27-21.16.12:187][  0]LogConfig: Applying CVar settings from Section [ShadowQuality@3] File [D:/PLIKI KOMPUTERA/UNI/I MGR/I SEMESTR/silniki/BALLRunneRR/BallRunner/Saved/Config/Windows/Scalability.ini]
[2021.05.27-21.16.12:187][  0]LogConfig: Setting CVar [[r.LightFunctionQuality:1]]
[2021.05.27-21.16.12:187][  0]LogConfig: Setting CVar [[r.ShadowQuality:5]]
[2021.05.27-21.16.12:187][  0]LogConfig: Setting CVar [[r.Shadow.CSM.MaxCascades:10]]
[2021.05.27-21.16.12:187][  0]LogConfig: Setting CVar [[r.Shadow.MaxResolution:2048]]
[2021.05.27-21.16.12:187][  0]LogConfig: Setting CVar [[r.Shadow.MaxCSMResolution:2048]]
[2021.05.27-21.16.12:187][  0]LogConfig: Setting CVar [[r.Shadow.RadiusThreshold:0.01]]
[2021.05.27-21.16.12:187][  0]LogConfig: Setting CVar [[r.Shadow.DistanceScale:1.0]]
[2021.05.27-21.16.12:187][  0]LogConfig: Setting CVar [[r.Shadow.CSM.TransitionScale:1.0]]
[2021.05.27-21.16.12:187][  0]LogConfig: Setting CVar [[r.Shadow.PreShadowResolutionFactor:1.0]]
[2021.05.27-21.16.12:187][  0]LogConfig: Setting CVar [[r.DistanceFieldShadowing:1]]
[2021.05.27-21.16.12:187][  0]LogConfig: Setting CVar [[r.DistanceFieldAO:1]]
[2021.05.27-21.16.12:187][  0]LogConfig: Setting CVar [[r.AOQuality:2]]
[2021.05.27-21.16.12:187][  0]LogConfig: Setting CVar [[r.VolumetricFog:1]]
[2021.05.27-21.16.12:187][  0]LogConfig: Setting CVar [[r.VolumetricFog.GridPixelSize:8]]
[2021.05.27-21.16.12:187][  0]LogConfig: Setting CVar [[r.VolumetricFog.GridSizeZ:128]]
[2021.05.27-21.16.12:187][  0]LogConfig: Setting CVar [[r.VolumetricFog.HistoryMissSupersampleCount:4]]
[2021.05.27-21.16.12:187][  0]LogConfig: Setting CVar [[r.LightMaxDrawDistanceScale:1]]
[2021.05.27-21.16.12:187][  0]LogConfig: Setting CVar [[r.CapsuleShadows:1]]
[2021.05.27-21.16.12:187][  0]LogConfig: Applying CVar settings from Section [PostProcessQuality@3] File [D:/PLIKI KOMPUTERA/UNI/I MGR/I SEMESTR/silniki/BALLRunneRR/BallRunner/Saved/Config/Windows/Scalability.ini]
[2021.05.27-21.16.12:187][  0]LogConfig: Setting CVar [[r.MotionBlurQuality:4]]
[2021.05.27-21.16.12:187][  0]LogConfig: Setting CVar [[r.AmbientOcclusionMipLevelFactor:0.4]]
[2021.05.27-21.16.12:187][  0]LogConfig: Setting CVar [[r.AmbientOcclusionMaxQuality:100]]
[2021.05.27-21.16.12:187][  0]LogConfig: Setting CVar [[r.AmbientOcclusionLevels:-1]]
[2021.05.27-21.16.12:187][  0]LogConfig: Setting CVar [[r.AmbientOcclusionRadiusScale:1.0]]
[2021.05.27-21.16.12:187][  0]LogConfig: Setting CVar [[r.DepthOfFieldQuality:2]]
[2021.05.27-21.16.12:187][  0]LogConfig: Setting CVar [[r.RenderTargetPoolMin:400]]
[2021.05.27-21.16.12:187][  0]LogConfig: Setting CVar [[r.LensFlareQuality:2]]
[2021.05.27-21.16.12:187][  0]LogConfig: Setting CVar [[r.SceneColorFringeQuality:1]]
[2021.05.27-21.16.12:187][  0]LogConfig: Setting CVar [[r.EyeAdaptationQuality:2]]
[2021.05.27-21.16.12:187][  0]LogConfig: Setting CVar [[r.BloomQuality:5]]
[2021.05.27-21.16.12:187][  0]LogConfig: Setting CVar [[r.FastBlurThreshold:100]]
[2021.05.27-21.16.12:187][  0]LogConfig: Setting CVar [[r.Upscale.Quality:3]]
[2021.05.27-21.16.12:187][  0]LogConfig: Setting CVar [[r.Tonemapper.GrainQuantization:1]]
[2021.05.27-21.16.12:187][  0]LogConfig: Setting CVar [[r.LightShaftQuality:1]]
[2021.05.27-21.16.12:187][  0]LogConfig: Setting CVar [[r.Filter.SizeScale:1]]
[2021.05.27-21.16.12:187][  0]LogConfig: Setting CVar [[r.Tonemapper.Quality:5]]
[2021.05.27-21.16.12:187][  0]LogConfig: Setting CVar [[r.DOF.Gather.AccumulatorQuality:1        ; higher gathering accumulator quality]]
[2021.05.27-21.16.12:187][  0]LogConfig: Setting CVar [[r.DOF.Gather.PostfilterMethod:1          ; Median3x3 postfilering method]]
[2021.05.27-21.16.12:187][  0]LogConfig: Setting CVar [[r.DOF.Gather.EnableBokehSettings:0       ; no bokeh simulation when gathering]]
[2021.05.27-21.16.12:187][  0]LogConfig: Setting CVar [[r.DOF.Gather.RingCount:4                 ; medium number of samples when gathering]]
[2021.05.27-21.16.12:187][  0]LogConfig: Setting CVar [[r.DOF.Scatter.ForegroundCompositing:1    ; additive foreground scattering]]
[2021.05.27-21.16.12:187][  0]LogConfig: Setting CVar [[r.DOF.Scatter.BackgroundCompositing:2    ; additive background scattering]]
[2021.05.27-21.16.12:187][  0]LogConfig: Setting CVar [[r.DOF.Scatter.EnableBokehSettings:1      ; bokeh simulation when scattering]]
[2021.05.27-21.16.12:187][  0]LogConfig: Setting CVar [[r.DOF.Scatter.MaxSpriteRatio:0.1         ; only a maximum of 10% of scattered bokeh]]
[2021.05.27-21.16.12:187][  0]LogConfig: Setting CVar [[r.DOF.Recombine.Quality:1                ; cheap slight out of focus]]
[2021.05.27-21.16.12:187][  0]LogConfig: Setting CVar [[r.DOF.Recombine.EnableBokehSettings:0    ; no bokeh simulation on slight out of focus]]
[2021.05.27-21.16.12:187][  0]LogConfig: Setting CVar [[r.DOF.TemporalAAQuality:1                ; more stable temporal accumulation]]
[2021.05.27-21.16.12:187][  0]LogConfig: Setting CVar [[r.DOF.Kernel.MaxForegroundRadius:0.025]]
[2021.05.27-21.16.12:187][  0]LogConfig: Setting CVar [[r.DOF.Kernel.MaxBackgroundRadius:0.025]]
[2021.05.27-21.16.12:187][  0]LogConfig: Applying CVar settings from Section [TextureQuality@3] File [D:/PLIKI KOMPUTERA/UNI/I MGR/I SEMESTR/silniki/BALLRunneRR/BallRunner/Saved/Config/Windows/Scalability.ini]
[2021.05.27-21.16.12:187][  0]LogConfig: Setting CVar [[r.Streaming.MipBias:0]]
[2021.05.27-21.16.12:187][  0]LogConfig: Setting CVar [[r.Streaming.AmortizeCPUToGPUCopy:0]]
[2021.05.27-21.16.12:187][  0]LogConfig: Setting CVar [[r.Streaming.MaxNumTexturesToStreamPerFrame:0]]
[2021.05.27-21.16.12:187][  0]LogConfig: Setting CVar [[r.Streaming.Boost:1]]
[2021.05.27-21.16.12:187][  0]LogConfig: Setting CVar [[r.MaxAnisotropy:8]]
[2021.05.27-21.16.12:187][  0]LogConfig: Setting CVar [[r.VT.MaxAnisotropy:8]]
[2021.05.27-21.16.12:187][  0]LogConfig: Setting CVar [[r.Streaming.LimitPoolSizeToVRAM:0]]
[2021.05.27-21.16.12:187][  0]LogConfig: Setting CVar [[r.Streaming.PoolSize:1000]]
[2021.05.27-21.16.12:187][  0]LogConfig: Setting CVar [[r.Streaming.MaxEffectiveScreenSize:0]]
[2021.05.27-21.16.12:187][  0]LogConfig: Applying CVar settings from Section [EffectsQuality@3] File [D:/PLIKI KOMPUTERA/UNI/I MGR/I SEMESTR/silniki/BALLRunneRR/BallRunner/Saved/Config/Windows/Scalability.ini]
[2021.05.27-21.16.12:187][  0]LogConfig: Setting CVar [[r.TranslucencyLightingVolumeDim:64]]
[2021.05.27-21.16.12:187][  0]LogConfig: Setting CVar [[r.RefractionQuality:2]]
[2021.05.27-21.16.12:187][  0]LogConfig: Setting CVar [[r.SSR.Quality:3]]
[2021.05.27-21.16.12:187][  0]LogConfig: Setting CVar [[r.SSR.HalfResSceneColor:0]]
[2021.05.27-21.16.12:188][  0]LogConfig: Setting CVar [[r.SceneColorFormat:4]]
[2021.05.27-21.16.12:188][  0]LogConfig: Setting CVar [[r.DetailMode:2]]
[2021.05.27-21.16.12:188][  0]LogConfig: Setting CVar [[r.TranslucencyVolumeBlur:1]]
[2021.05.27-21.16.12:188][  0]LogConfig: Setting CVar [[r.MaterialQualityLevel:1 ; High quality]]
[2021.05.27-21.16.12:188][  0]LogConfig: Setting CVar [[r.SSS.Scale:1]]
[2021.05.27-21.16.12:188][  0]LogConfig: Setting CVar [[r.SSS.SampleSet:2]]
[2021.05.27-21.16.12:188][  0]LogConfig: Setting CVar [[r.SSS.Quality:1]]
[2021.05.27-21.16.12:188][  0]LogConfig: Setting CVar [[r.SSS.HalfRes:0]]
[2021.05.27-21.16.12:188][  0]LogConfig: Setting CVar [[r.SSGI.Quality:3]]
[2021.05.27-21.16.12:188][  0]LogConfig: Setting CVar [[r.EmitterSpawnRateScale:1.0]]
[2021.05.27-21.16.12:188][  0]LogConfig: Setting CVar [[r.ParticleLightQuality:2]]
[2021.05.27-21.16.12:188][  0]LogConfig: Setting CVar [[r.SkyAtmosphere.AerialPerspectiveLUT.FastApplyOnOpaque:1 ; Always have FastSkyLUT 1 in this case to avoid wrong sky]]
[2021.05.27-21.16.12:188][  0]LogConfig: Setting CVar [[r.SkyAtmosphere.AerialPerspectiveLUT.SampleCountPerSlice:1]]
[2021.05.27-21.16.12:188][  0]LogConfig: Setting CVar [[r.SkyAtmosphere.AerialPerspectiveLUT.DepthResolution:16.0]]
[2021.05.27-21.16.12:188][  0]LogConfig: Setting CVar [[r.SkyAtmosphere.FastSkyLUT:1]]
[2021.05.27-21.16.12:188][  0]LogConfig: Setting CVar [[r.SkyAtmosphere.FastSkyLUT.SampleCountMin:4.0]]
[2021.05.27-21.16.12:188][  0]LogConfig: Setting CVar [[r.SkyAtmosphere.FastSkyLUT.SampleCountMax:32.0]]
[2021.05.27-21.16.12:188][  0]LogConfig: Setting CVar [[r.SkyAtmosphere.SampleCountMin:4.0]]
[2021.05.27-21.16.12:188][  0]LogConfig: Setting CVar [[r.SkyAtmosphere.SampleCountMax:32.0]]
[2021.05.27-21.16.12:188][  0]LogConfig: Setting CVar [[r.SkyAtmosphere.TransmittanceLUT.UseSmallFormat:0]]
[2021.05.27-21.16.12:188][  0]LogConfig: Setting CVar [[r.SkyAtmosphere.TransmittanceLUT.SampleCount:10.0]]
[2021.05.27-21.16.12:188][  0]LogConfig: Setting CVar [[r.SkyAtmosphere.MultiScatteringLUT.SampleCount:15.0]]
[2021.05.27-21.16.12:188][  0]LogConfig: Applying CVar settings from Section [FoliageQuality@3] File [D:/PLIKI KOMPUTERA/UNI/I MGR/I SEMESTR/silniki/BALLRunneRR/BallRunner/Saved/Config/Windows/Scalability.ini]
[2021.05.27-21.16.12:188][  0]LogConfig: Setting CVar [[foliage.DensityScale:1.0]]
[2021.05.27-21.16.12:188][  0]LogConfig: Setting CVar [[grass.DensityScale:1.0]]
[2021.05.27-21.16.12:188][  0]LogConfig: Applying CVar settings from Section [ShadingQuality@3] File [D:/PLIKI KOMPUTERA/UNI/I MGR/I SEMESTR/silniki/BALLRunneRR/BallRunner/Saved/Config/Windows/Scalability.ini]
[2021.05.27-21.16.12:188][  0]LogConfig: Setting CVar [[r.HairStrands.SkyLighting.SampleCount:16]]
[2021.05.27-21.16.12:188][  0]LogConfig: Setting CVar [[r.HairStrands.SkyLighting.JitterIntegration:0]]
[2021.05.27-21.16.12:188][  0]LogConfig: Setting CVar [[r.HairStrands.SkyAO.SampleCount:16]]
[2021.05.27-21.16.12:188][  0]LogConfig: Setting CVar [[r.HairStrands.DeepShadow.SuperSampling:0]]
[2021.05.27-21.16.12:188][  0]LogConfig: Setting CVar [[r.HairStrands.VisibilityPPLL:0]]
[2021.05.27-21.16.12:188][  0]LogConfig: Setting CVar [[r.HairStrands.RasterizationScale:0.5]]
[2021.05.27-21.16.12:188][  0]LogConfig: Setting CVar [[r.HairStrands.VelocityRasterizationScale:1]]
[2021.05.27-21.16.12:188][  0]LogInit: Selected Device Profile: [Windows]
[2021.05.27-21.16.12:188][  0]LogInit: Applying CVar settings loaded from the selected device profile: [Windows]
[2021.05.27-21.16.12:188][  0]LogHAL: Display: Platform has ~ 32 GB [34233180160 / 34359738368 / 32], which maps to Largest [LargestMinGB=32, LargerMinGB=12, DefaultMinGB=8, SmallerMinGB=6, SmallestMinGB=0)
[2021.05.27-21.16.12:188][  0]LogInit: Going up to parent DeviceProfile []
[2021.05.27-21.16.12:188][  0]LogConfig: Applying CVar settings from Section [ViewDistanceQuality@3] File [D:/PLIKI KOMPUTERA/UNI/I MGR/I SEMESTR/silniki/BALLRunneRR/BallRunner/Saved/Config/Windows/Scalability.ini]
[2021.05.27-21.16.12:188][  0]LogConfig: Setting CVar [[r.SkeletalMeshLODBias:0]]
[2021.05.27-21.16.12:188][  0]LogConfig: Setting CVar [[r.ViewDistanceScale:1.0]]
[2021.05.27-21.16.12:188][  0]LogConfig: Applying CVar settings from Section [AntiAliasingQuality@3] File [D:/PLIKI KOMPUTERA/UNI/I MGR/I SEMESTR/silniki/BALLRunneRR/BallRunner/Saved/Config/Windows/Scalability.ini]
[2021.05.27-21.16.12:188][  0]LogConfig: Setting CVar [[r.PostProcessAAQuality:4]]
[2021.05.27-21.16.12:188][  0]LogConfig: Applying CVar settings from Section [ShadowQuality@3] File [D:/PLIKI KOMPUTERA/UNI/I MGR/I SEMESTR/silniki/BALLRunneRR/BallRunner/Saved/Config/Windows/Scalability.ini]
[2021.05.27-21.16.12:188][  0]LogConfig: Setting CVar [[r.LightFunctionQuality:1]]
[2021.05.27-21.16.12:188][  0]LogConfig: Setting CVar [[r.ShadowQuality:5]]
[2021.05.27-21.16.12:188][  0]LogConfig: Setting CVar [[r.Shadow.CSM.MaxCascades:10]]
[2021.05.27-21.16.12:188][  0]LogConfig: Setting CVar [[r.Shadow.MaxResolution:2048]]
[2021.05.27-21.16.12:188][  0]LogConfig: Setting CVar [[r.Shadow.MaxCSMResolution:2048]]
[2021.05.27-21.16.12:188][  0]LogConfig: Setting CVar [[r.Shadow.RadiusThreshold:0.01]]
[2021.05.27-21.16.12:188][  0]LogConfig: Setting CVar [[r.Shadow.DistanceScale:1.0]]
[2021.05.27-21.16.12:188][  0]LogConfig: Setting CVar [[r.Shadow.CSM.TransitionScale:1.0]]
[2021.05.27-21.16.12:188][  0]LogConfig: Setting CVar [[r.Shadow.PreShadowResolutionFactor:1.0]]
[2021.05.27-21.16.12:188][  0]LogConfig: Setting CVar [[r.DistanceFieldShadowing:1]]
[2021.05.27-21.16.12:188][  0]LogConfig: Setting CVar [[r.DistanceFieldAO:1]]
[2021.05.27-21.16.12:188][  0]LogConfig: Setting CVar [[r.AOQuality:2]]
[2021.05.27-21.16.12:188][  0]LogConfig: Setting CVar [[r.VolumetricFog:1]]
[2021.05.27-21.16.12:188][  0]LogConfig: Setting CVar [[r.VolumetricFog.GridPixelSize:8]]
[2021.05.27-21.16.12:188][  0]LogConfig: Setting CVar [[r.VolumetricFog.GridSizeZ:128]]
[2021.05.27-21.16.12:188][  0]LogConfig: Setting CVar [[r.VolumetricFog.HistoryMissSupersampleCount:4]]
[2021.05.27-21.16.12:188][  0]LogConfig: Setting CVar [[r.LightMaxDrawDistanceScale:1]]
[2021.05.27-21.16.12:188][  0]LogConfig: Setting CVar [[r.CapsuleShadows:1]]
[2021.05.27-21.16.12:188][  0]LogConfig: Applying CVar settings from Section [PostProcessQuality@3] File [D:/PLIKI KOMPUTERA/UNI/I MGR/I SEMESTR/silniki/BALLRunneRR/BallRunner/Saved/Config/Windows/Scalability.ini]
[2021.05.27-21.16.12:188][  0]LogConfig: Setting CVar [[r.MotionBlurQuality:4]]
[2021.05.27-21.16.12:188][  0]LogConfig: Setting CVar [[r.AmbientOcclusionMipLevelFactor:0.4]]
[2021.05.27-21.16.12:188][  0]LogConfig: Setting CVar [[r.AmbientOcclusionMaxQuality:100]]
[2021.05.27-21.16.12:188][  0]LogConfig: Setting CVar [[r.AmbientOcclusionLevels:-1]]
[2021.05.27-21.16.12:188][  0]LogConfig: Setting CVar [[r.AmbientOcclusionRadiusScale:1.0]]
[2021.05.27-21.16.12:188][  0]LogConfig: Setting CVar [[r.DepthOfFieldQuality:2]]
[2021.05.27-21.16.12:188][  0]LogConfig: Setting CVar [[r.RenderTargetPoolMin:400]]
[2021.05.27-21.16.12:188][  0]LogConfig: Setting CVar [[r.LensFlareQuality:2]]
[2021.05.27-21.16.12:188][  0]LogConfig: Setting CVar [[r.SceneColorFringeQuality:1]]
[2021.05.27-21.16.12:188][  0]LogConfig: Setting CVar [[r.EyeAdaptationQuality:2]]
[2021.05.27-21.16.12:188][  0]LogConfig: Setting CVar [[r.BloomQuality:5]]
[2021.05.27-21.16.12:188][  0]LogConfig: Setting CVar [[r.FastBlurThreshold:100]]
[2021.05.27-21.16.12:188][  0]LogConfig: Setting CVar [[r.Upscale.Quality:3]]
[2021.05.27-21.16.12:188][  0]LogConfig: Setting CVar [[r.Tonemapper.GrainQuantization:1]]
[2021.05.27-21.16.12:188][  0]LogConfig: Setting CVar [[r.LightShaftQuality:1]]
[2021.05.27-21.16.12:188][  0]LogConfig: Setting CVar [[r.Filter.SizeScale:1]]
[2021.05.27-21.16.12:188][  0]LogConfig: Setting CVar [[r.Tonemapper.Quality:5]]
[2021.05.27-21.16.12:188][  0]LogConfig: Setting CVar [[r.DOF.Gather.AccumulatorQuality:1        ; higher gathering accumulator quality]]
[2021.05.27-21.16.12:188][  0]LogConfig: Setting CVar [[r.DOF.Gather.PostfilterMethod:1          ; Median3x3 postfilering method]]
[2021.05.27-21.16.12:188][  0]LogConfig: Setting CVar [[r.DOF.Gather.EnableBokehSettings:0       ; no bokeh simulation when gathering]]
[2021.05.27-21.16.12:188][  0]LogConfig: Setting CVar [[r.DOF.Gather.RingCount:4                 ; medium number of samples when gathering]]
[2021.05.27-21.16.12:188][  0]LogConfig: Setting CVar [[r.DOF.Scatter.ForegroundCompositing:1    ; additive foreground scattering]]
[2021.05.27-21.16.12:188][  0]LogConfig: Setting CVar [[r.DOF.Scatter.BackgroundCompositing:2    ; additive background scattering]]
[2021.05.27-21.16.12:188][  0]LogConfig: Setting CVar [[r.DOF.Scatter.EnableBokehSettings:1      ; bokeh simulation when scattering]]
[2021.05.27-21.16.12:188][  0]LogConfig: Setting CVar [[r.DOF.Scatter.MaxSpriteRatio:0.1         ; only a maximum of 10% of scattered bokeh]]
[2021.05.27-21.16.12:189][  0]LogConfig: Setting CVar [[r.DOF.Recombine.Quality:1                ; cheap slight out of focus]]
[2021.05.27-21.16.12:189][  0]LogConfig: Setting CVar [[r.DOF.Recombine.EnableBokehSettings:0    ; no bokeh simulation on slight out of focus]]
[2021.05.27-21.16.12:189][  0]LogConfig: Setting CVar [[r.DOF.TemporalAAQuality:1                ; more stable temporal accumulation]]
[2021.05.27-21.16.12:189][  0]LogConfig: Setting CVar [[r.DOF.Kernel.MaxForegroundRadius:0.025]]
[2021.05.27-21.16.12:189][  0]LogConfig: Setting CVar [[r.DOF.Kernel.MaxBackgroundRadius:0.025]]
[2021.05.27-21.16.12:189][  0]LogConfig: Applying CVar settings from Section [TextureQuality@3] File [D:/PLIKI KOMPUTERA/UNI/I MGR/I SEMESTR/silniki/BALLRunneRR/BallRunner/Saved/Config/Windows/Scalability.ini]
[2021.05.27-21.16.12:189][  0]LogConfig: Setting CVar [[r.Streaming.MipBias:0]]
[2021.05.27-21.16.12:189][  0]LogConfig: Setting CVar [[r.Streaming.AmortizeCPUToGPUCopy:0]]
[2021.05.27-21.16.12:189][  0]LogConfig: Setting CVar [[r.Streaming.MaxNumTexturesToStreamPerFrame:0]]
[2021.05.27-21.16.12:189][  0]LogConfig: Setting CVar [[r.Streaming.Boost:1]]
[2021.05.27-21.16.12:189][  0]LogConfig: Setting CVar [[r.MaxAnisotropy:8]]
[2021.05.27-21.16.12:189][  0]LogConfig: Setting CVar [[r.VT.MaxAnisotropy:8]]
[2021.05.27-21.16.12:189][  0]LogConfig: Setting CVar [[r.Streaming.LimitPoolSizeToVRAM:0]]
[2021.05.27-21.16.12:189][  0]LogConfig: Setting CVar [[r.Streaming.PoolSize:1000]]
[2021.05.27-21.16.12:189][  0]LogConfig: Setting CVar [[r.Streaming.MaxEffectiveScreenSize:0]]
[2021.05.27-21.16.12:189][  0]LogConfig: Applying CVar settings from Section [EffectsQuality@3] File [D:/PLIKI KOMPUTERA/UNI/I MGR/I SEMESTR/silniki/BALLRunneRR/BallRunner/Saved/Config/Windows/Scalability.ini]
[2021.05.27-21.16.12:189][  0]LogConfig: Setting CVar [[r.TranslucencyLightingVolumeDim:64]]
[2021.05.27-21.16.12:189][  0]LogConfig: Setting CVar [[r.RefractionQuality:2]]
[2021.05.27-21.16.12:189][  0]LogConfig: Setting CVar [[r.SSR.Quality:3]]
[2021.05.27-21.16.12:189][  0]LogConfig: Setting CVar [[r.SSR.HalfResSceneColor:0]]
[2021.05.27-21.16.12:189][  0]LogConfig: Setting CVar [[r.SceneColorFormat:4]]
[2021.05.27-21.16.12:189][  0]LogConfig: Setting CVar [[r.DetailMode:2]]
[2021.05.27-21.16.12:189][  0]LogConfig: Setting CVar [[r.TranslucencyVolumeBlur:1]]
[2021.05.27-21.16.12:189][  0]LogConfig: Setting CVar [[r.MaterialQualityLevel:1 ; High quality]]
[2021.05.27-21.16.12:189][  0]LogConfig: Setting CVar [[r.SSS.Scale:1]]
[2021.05.27-21.16.12:189][  0]LogConfig: Setting CVar [[r.SSS.SampleSet:2]]
[2021.05.27-21.16.12:189][  0]LogConfig: Setting CVar [[r.SSS.Quality:1]]
[2021.05.27-21.16.12:189][  0]LogConfig: Setting CVar [[r.SSS.HalfRes:0]]
[2021.05.27-21.16.12:189][  0]LogConfig: Setting CVar [[r.SSGI.Quality:3]]
[2021.05.27-21.16.12:189][  0]LogConfig: Setting CVar [[r.EmitterSpawnRateScale:1.0]]
[2021.05.27-21.16.12:189][  0]LogConfig: Setting CVar [[r.ParticleLightQuality:2]]
[2021.05.27-21.16.12:189][  0]LogConfig: Setting CVar [[r.SkyAtmosphere.AerialPerspectiveLUT.FastApplyOnOpaque:1 ; Always have FastSkyLUT 1 in this case to avoid wrong sky]]
[2021.05.27-21.16.12:189][  0]LogConfig: Setting CVar [[r.SkyAtmosphere.AerialPerspectiveLUT.SampleCountPerSlice:1]]
[2021.05.27-21.16.12:189][  0]LogConfig: Setting CVar [[r.SkyAtmosphere.AerialPerspectiveLUT.DepthResolution:16.0]]
[2021.05.27-21.16.12:189][  0]LogConfig: Setting CVar [[r.SkyAtmosphere.FastSkyLUT:1]]
[2021.05.27-21.16.12:189][  0]LogConfig: Setting CVar [[r.SkyAtmosphere.FastSkyLUT.SampleCountMin:4.0]]
[2021.05.27-21.16.12:189][  0]LogConfig: Setting CVar [[r.SkyAtmosphere.FastSkyLUT.SampleCountMax:32.0]]
[2021.05.27-21.16.12:189][  0]LogConfig: Setting CVar [[r.SkyAtmosphere.SampleCountMin:4.0]]
[2021.05.27-21.16.12:189][  0]LogConfig: Setting CVar [[r.SkyAtmosphere.SampleCountMax:32.0]]
[2021.05.27-21.16.12:189][  0]LogConfig: Setting CVar [[r.SkyAtmosphere.TransmittanceLUT.UseSmallFormat:0]]
[2021.05.27-21.16.12:189][  0]LogConfig: Setting CVar [[r.SkyAtmosphere.TransmittanceLUT.SampleCount:10.0]]
[2021.05.27-21.16.12:189][  0]LogConfig: Setting CVar [[r.SkyAtmosphere.MultiScatteringLUT.SampleCount:15.0]]
[2021.05.27-21.16.12:189][  0]LogConfig: Applying CVar settings from Section [FoliageQuality@3] File [D:/PLIKI KOMPUTERA/UNI/I MGR/I SEMESTR/silniki/BALLRunneRR/BallRunner/Saved/Config/Windows/Scalability.ini]
[2021.05.27-21.16.12:189][  0]LogConfig: Setting CVar [[foliage.DensityScale:1.0]]
[2021.05.27-21.16.12:189][  0]LogConfig: Setting CVar [[grass.DensityScale:1.0]]
[2021.05.27-21.16.12:189][  0]LogConfig: Applying CVar settings from Section [ShadingQuality@3] File [D:/PLIKI KOMPUTERA/UNI/I MGR/I SEMESTR/silniki/BALLRunneRR/BallRunner/Saved/Config/Windows/Scalability.ini]
[2021.05.27-21.16.12:189][  0]LogConfig: Setting CVar [[r.HairStrands.SkyLighting.SampleCount:16]]
[2021.05.27-21.16.12:189][  0]LogConfig: Setting CVar [[r.HairStrands.SkyLighting.JitterIntegration:0]]
[2021.05.27-21.16.12:189][  0]LogConfig: Setting CVar [[r.HairStrands.SkyAO.SampleCount:16]]
[2021.05.27-21.16.12:189][  0]LogConfig: Setting CVar [[r.HairStrands.DeepShadow.SuperSampling:0]]
[2021.05.27-21.16.12:189][  0]LogConfig: Setting CVar [[r.HairStrands.VisibilityPPLL:0]]
[2021.05.27-21.16.12:189][  0]LogConfig: Setting CVar [[r.HairStrands.RasterizationScale:0.5]]
[2021.05.27-21.16.12:189][  0]LogConfig: Setting CVar [[r.HairStrands.VelocityRasterizationScale:1]]
[2021.05.27-21.16.12:189][  0]LogConfig: Applying CVar settings from Section [Startup] File [../../../Engine/Config/ConsoleVariables.ini]
[2021.05.27-21.16.12:189][  0]LogConfig: Setting CVar [[net.UseAdaptiveNetUpdateFrequency:0]]
[2021.05.27-21.16.12:189][  0]LogConfig: Setting CVar [[p.chaos.AllowCreatePhysxBodies:1]]
[2021.05.27-21.16.12:189][  0]LogConfig: Setting CVar [[fx.SkipVectorVMBackendOptimizations:1]]
[2021.05.27-21.16.12:189][  0]LogConfig: Applying CVar settings from Section [ConsoleVariables] File [D:/PLIKI KOMPUTERA/UNI/I MGR/I SEMESTR/silniki/BALLRunneRR/BallRunner/Saved/Config/Windows/Engine.ini]
[2021.05.27-21.16.12:189][  0]LogInit: Computer: DESKTOP-MFI4SSN
[2021.05.27-21.16.12:189][  0]LogInit: User: Aleksandra
[2021.05.27-21.16.12:189][  0]LogInit: CPU Page size=4096, Cores=6
[2021.05.27-21.16.12:189][  0]LogInit: High frequency timer resolution =10.000000 MHz
[2021.05.27-21.16.12:190][  0]LogMemory: Memory total: Physical=31.9GB (32GB approx)
[2021.05.27-21.16.12:190][  0]LogMemory: Platform Memory Stats for Windows
[2021.05.27-21.16.12:190][  0]LogMemory: Process Physical Memory: 117.38 MB used, 117.39 MB peak
[2021.05.27-21.16.12:190][  0]LogMemory: Process Virtual Memory: 97.48 MB used, 97.48 MB peak
[2021.05.27-21.16.12:190][  0]LogMemory: Physical Memory: 14595.36 MB used,  18051.95 MB free, 32647.30 MB total
[2021.05.27-21.16.12:190][  0]LogMemory: Virtual Memory: 5167.95 MB used,  134212560.00 MB free, 134217728.00 MB total
[2021.05.27-21.16.12:196][  0]LogWindows: WindowsPlatformFeatures enabled
[2021.05.27-21.16.12:242][  0]LogInit: Physics initialised using underlying interface: PhysX
[2021.05.27-21.16.12:242][  0]LogInit: Using OS detected language (pl-PL).
[2021.05.27-21.16.12:242][  0]LogInit: Using OS detected locale (pl-PL).
[2021.05.27-21.16.12:244][  0]LogTextLocalizationManager: No specific localization for 'pl-PL' exists, so the 'pl' localization will be used.
[2021.05.27-21.16.12:244][  0]LogTextLocalizationResource: LocRes '../../../Engine/Content/Localization/Editor/pl/Editor.locres' could not be opened for reading!
[2021.05.27-21.16.12:244][  0]LogTextLocalizationResource: LocRes '../../../Engine/Content/Localization/EditorTutorials/pl/EditorTutorials.locres' could not be opened for reading!
[2021.05.27-21.16.12:244][  0]LogTextLocalizationResource: LocRes '../../../Engine/Content/Localization/Keywords/pl/Keywords.locres' could not be opened for reading!
[2021.05.27-21.16.12:244][  0]LogTextLocalizationResource: LocRes '../../../Engine/Content/Localization/Category/pl/Category.locres' could not be opened for reading!
[2021.05.27-21.16.12:244][  0]LogTextLocalizationResource: LocRes '../../../Engine/Content/Localization/ToolTips/pl/ToolTips.locres' could not be opened for reading!
[2021.05.27-21.16.12:244][  0]LogTextLocalizationResource: LocRes '../../../Engine/Content/Localization/PropertyNames/pl/PropertyNames.locres' could not be opened for reading!
[2021.05.27-21.16.12:244][  0]LogTextLocalizationResource: LocRes '../../../Engine/Content/Localization/Engine/pl/Engine.locres' could not be opened for reading!
[2021.05.27-21.16.12:245][  0]LogInit: Setting process to per monitor DPI aware
[2021.05.27-21.16.12:274][  0]LogSlate: New Slate User Created.  User Index 0, Is Virtual User: 0
[2021.05.27-21.16.12:274][  0]LogSlate: Slate User Registered.  User Index 0, Is Virtual User: 0
[2021.05.27-21.16.12:444][  0]LogHMD: Failed to initialize OpenVR with code 110
[2021.05.27-21.16.12:444][  0]LogD3D11RHI: D3D11 min allowed feature level: 11_0
[2021.05.27-21.16.12:444][  0]LogD3D11RHI: D3D11 max allowed feature level: 11_0
[2021.05.27-21.16.12:444][  0]LogD3D11RHI: D3D11 adapters:
[2021.05.27-21.16.12:525][  0]LogD3D11RHI:    0. 'NVIDIA GeForce GTX 1080' (Feature Level 11_0)
[2021.05.27-21.16.12:525][  0]LogD3D11RHI:       8079/0/16323 MB DedicatedVideo/DedicatedSystem/SharedSystem, Outputs:1, VendorId:0x10de
[2021.05.27-21.16.12:548][  0]LogD3D11RHI:    1. 'Intel(R) UHD Graphics 630' (Feature Level 11_0)
[2021.05.27-21.16.12:548][  0]LogD3D11RHI:       128/0/16323 MB DedicatedVideo/DedicatedSystem/SharedSystem, Outputs:1, VendorId:0x8086
[2021.05.27-21.16.12:550][  0]LogD3D11RHI:    2. 'Microsoft Basic Render Driver' (Feature Level 11_0)
[2021.05.27-21.16.12:550][  0]LogD3D11RHI:       0/0/16323 MB DedicatedVideo/DedicatedSystem/SharedSystem, Outputs:0, VendorId:0x1414
[2021.05.27-21.16.12:550][  0]LogD3D11RHI: Chosen D3D11 Adapter: 0
[2021.05.27-21.16.12:559][  0]LogD3D11RHI: Creating new Direct3DDevice
[2021.05.27-21.16.12:559][  0]LogD3D11RHI:     GPU DeviceId: 0x1b80 (for the marketing name, search the web for "GPU Device Id")
[2021.05.27-21.16.12:559][  0]LogWindows: EnumDisplayDevices:
[2021.05.27-21.16.12:559][  0]LogWindows:    0. 'NVIDIA GeForce GTX 1080' (P:1 D:1)
[2021.05.27-21.16.12:559][  0]LogWindows:    1. 'NVIDIA GeForce GTX 1080' (P:0 D:0)
[2021.05.27-21.16.12:559][  0]LogWindows:    2. 'NVIDIA GeForce GTX 1080' (P:0 D:0)
[2021.05.27-21.16.12:560][  0]LogWindows:    3. 'NVIDIA GeForce GTX 1080' (P:0 D:0)
[2021.05.27-21.16.12:560][  0]LogWindows:    4. 'Intel(R) UHD Graphics 630' (P:0 D:1)
[2021.05.27-21.16.12:560][  0]LogWindows:    5. 'Intel(R) UHD Graphics 630' (P:0 D:0)
[2021.05.27-21.16.12:560][  0]LogWindows:    6. 'Intel(R) UHD Graphics 630' (P:0 D:0)
[2021.05.27-21.16.12:560][  0]LogWindows: DebugString: PrimaryIsNotTheChoosenAdapter PrimaryIsNotTheChoosenAdapter PrimaryIsNotTheChoosenAdapter FoundDriverCount:4 
[2021.05.27-21.16.12:560][  0]LogD3D11RHI:     Adapter Name: NVIDIA GeForce GTX 1080
[2021.05.27-21.16.12:560][  0]LogD3D11RHI:   Driver Version: 456.71 (internal:27.21.14.5671, unified:456.71)
[2021.05.27-21.16.12:560][  0]LogD3D11RHI:      Driver Date: 9-30-2020
[2021.05.27-21.16.12:560][  0]LogRHI: Texture pool is 5655 MB (70% of 8079 MB)
[2021.05.27-21.16.12:616][  0]LogD3D11RHI: RHI has support for 64 bit atomics
[2021.05.27-21.16.12:620][  0]LogD3D11RHI: [Aftermath] Enabled and primed
[2021.05.27-21.16.12:620][  0]LogD3D11RHI: Async texture creation enabled
[2021.05.27-21.16.12:620][  0]LogD3D11RHI: Array index from any shader is supported
[2021.05.27-21.16.12:640][  0]LogD3D11RHI: GPU Timing Frequency: 1000.000000 (Debug: 2 1)
[2021.05.27-21.16.12:913][  0]LogTargetPlatformManager: Display: Loaded TargetPlatform 'AllDesktop'
[2021.05.27-21.16.12:931][  0]LogTargetPlatformManager: Display: Loaded TargetPlatform 'Android'
[2021.05.27-21.16.12:931][  0]LogTargetPlatformManager: Display: Loaded TargetPlatform 'Android_ASTC'
[2021.05.27-21.16.12:931][  0]LogTargetPlatformManager: Display: Loaded TargetPlatform 'Android_DXT'
[2021.05.27-21.16.12:931][  0]LogTargetPlatformManager: Display: Loaded TargetPlatform 'Android_ETC2'
[2021.05.27-21.16.12:931][  0]LogTargetPlatformManager: Display: Loaded TargetPlatform 'AndroidClient'
[2021.05.27-21.16.12:931][  0]LogTargetPlatformManager: Display: Loaded TargetPlatform 'Android_ASTCClient'
[2021.05.27-21.16.12:931][  0]LogTargetPlatformManager: Display: Loaded TargetPlatform 'Android_DXTClient'
[2021.05.27-21.16.12:931][  0]LogTargetPlatformManager: Display: Loaded TargetPlatform 'Android_ETC2Client'
[2021.05.27-21.16.12:931][  0]LogTargetPlatformManager: Display: Loaded TargetPlatform 'Android_Multi'
[2021.05.27-21.16.12:931][  0]LogTargetPlatformManager: Display: Loaded TargetPlatform 'Android_MultiClient'
[2021.05.27-21.16.12:951][  0]LogTargetPlatformManager: Display: Loaded TargetPlatform 'IOSClient'
[2021.05.27-21.16.12:951][  0]LogTargetPlatformManager: Display: Loaded TargetPlatform 'IOS'
[2021.05.27-21.16.12:960][  0]LogTargetPlatformManager: Display: Loaded TargetPlatform 'Linux'
[2021.05.27-21.16.12:967][  0]LogTargetPlatformManager: Display: Loaded TargetPlatform 'LinuxNoEditor'
[2021.05.27-21.16.12:975][  0]LogTargetPlatformManager: Display: Loaded TargetPlatform 'LinuxClient'
[2021.05.27-21.16.12:982][  0]LogTargetPlatformManager: Display: Loaded TargetPlatform 'LinuxServer'
[2021.05.27-21.16.12:989][  0]LogTargetPlatformManager: Display: Loaded TargetPlatform 'LinuxAArch64NoEditor'
[2021.05.27-21.16.12:997][  0]LogTargetPlatformManager: Display: Loaded TargetPlatform 'LinuxAArch64Client'
[2021.05.27-21.16.13:005][  0]LogTargetPlatformManager: Display: Loaded TargetPlatform 'LinuxAArch64Server'
[2021.05.27-21.16.13:026][  0]LogTargetPlatformManager: Display: Loaded TargetPlatform 'Lumin'
[2021.05.27-21.16.13:026][  0]LogTargetPlatformManager: Display: Loaded TargetPlatform 'LuminClient'
[2021.05.27-21.16.13:039][  0]LogTargetPlatformManager: Display: Loaded TargetPlatform 'TVOSClient'
[2021.05.27-21.16.13:039][  0]LogTargetPlatformManager: Display: Loaded TargetPlatform 'TVOS'
[2021.05.27-21.16.13:047][  0]LogTargetPlatformManager: Display: Loaded TargetPlatform 'WindowsNoEditor'
[2021.05.27-21.16.13:055][  0]LogTargetPlatformManager: Display: Loaded TargetPlatform 'Windows'
[2021.05.27-21.16.13:063][  0]LogTargetPlatformManager: Display: Loaded TargetPlatform 'WindowsClient'
[2021.05.27-21.16.13:071][  0]LogTargetPlatformManager: Display: Loaded TargetPlatform 'WindowsServer'
[2021.05.27-21.16.13:071][  0]LogTargetPlatformManager: Display: Building Assets For Windows
[2021.05.27-21.16.13:078][  0]LogAudioDebug: Display: Lib vorbis DLL was dynamically loaded.
[2021.05.27-21.16.13:131][  0]LogShaderCompilers: Guid format shader working directory is -31 characters bigger than the processId version (../../../../../PLIKI KOMPUTERA/UNI/I MGR/I SEMESTR/silniki/BALLRunneRR/BallRunner/Intermediate/Shaders/WorkingDirectory/10356/).
[2021.05.27-21.16.13:131][  0]LogShaderCompilers: Cleaned the shader compiler working directory 'C:/Users/Aleksandra/AppData/Local/Temp/UnrealShaderWorkingDir/6E2DB59C4AD427A81280EFB6171F8738/'.
[2021.05.27-21.16.13:132][  0]LogXGEController: Cannot use XGE Controller as Incredibuild is not installed on this machine.
[2021.05.27-21.16.13:132][  0]LogShaderCompilers: Cannot use XGE Shader Compiler as Incredibuild is not installed on this machine.
[2021.05.27-21.16.13:132][  0]LogShaderCompilers: Display: Using Local Shader Compiler.
[2021.05.27-21.16.13:790][  0]LogDerivedDataCache: Display: Max Cache Size: 512 MB
[2021.05.27-21.16.13:847][  0]LogDerivedDataCache: Loaded boot cache 0.06s 104MB C:/Users/Aleksandra/AppData/Local/UnrealEngine/4.25/DerivedDataCache/Boot.ddc.
[2021.05.27-21.16.13:848][  0]LogDerivedDataCache: Display: Loaded Boot cache: C:/Users/Aleksandra/AppData/Local/UnrealEngine/4.25/DerivedDataCache/Boot.ddc
[2021.05.27-21.16.13:848][  0]LogDerivedDataCache: FDerivedDataBackendGraph:  Pak pak cache file ../../../../../PLIKI KOMPUTERA/UNI/I MGR/I SEMESTR/silniki/BALLRunneRR/BallRunner/DerivedDataCache/DDC.ddp not found, will not use a pak cache.
[2021.05.27-21.16.13:848][  0]LogDerivedDataCache: Unable to find inner node Pak for hierarchical cache Hierarchy.
[2021.05.27-21.16.13:848][  0]LogDerivedDataCache: FDerivedDataBackendGraph:  CompressedPak pak cache file ../../../../../PLIKI KOMPUTERA/UNI/I MGR/I SEMESTR/silniki/BALLRunneRR/BallRunner/DerivedDataCache/Compressed.ddp not found, will not use a pak cache.
[2021.05.27-21.16.13:848][  0]LogDerivedDataCache: Unable to find inner node CompressedPak for hierarchical cache Hierarchy.
[2021.05.27-21.16.13:856][  0]LogDerivedDataCache: Display: Pak cache opened for reading ../../../Engine/DerivedDataCache/Compressed.ddp.
[2021.05.27-21.16.13:856][  0]LogDerivedDataCache: FDerivedDataBackendGraph:  EnterprisePak pak cache file ../../../Enterprise/DerivedDataCache/Compressed.ddp not found, will not use a pak cache.
[2021.05.27-21.16.13:856][  0]LogDerivedDataCache: Unable to find inner node EnterprisePak for hierarchical cache Hierarchy.
[2021.05.27-21.16.13:858][  0]LogDerivedDataCache: Using Local data cache path C:/Users/Aleksandra/AppData/Local/UnrealEngine/Common/DerivedDataCache: Writable
[2021.05.27-21.16.13:858][  0]LogDerivedDataCache: Shared data cache path not found in *engine.ini, will not use an Shared cache.
[2021.05.27-21.16.13:858][  0]LogDerivedDataCache: Unable to find inner node Shared for hierarchical cache Hierarchy.
[2021.05.27-21.16.13:907][  0]LogSlate: Using FreeType 2.10.0
[2021.05.27-21.16.13:908][  0]LogSlate: SlateFontServices - WITH_FREETYPE: 1, WITH_HARFBUZZ: 1
[2021.05.27-21.16.13:931][  0]LogAssetRegistry: FAssetRegistry took 0.0023 seconds to start up
[2021.05.27-21.16.14:119][  0]LogInit: Selected Device Profile: [Windows]
[2021.05.27-21.16.14:244][  0]LogMeshReduction: Using QuadricMeshReduction for automatic static mesh reduction
[2021.05.27-21.16.14:245][  0]LogMeshReduction: Using SimplygonMeshReduction for automatic skeletal mesh reduction
[2021.05.27-21.16.14:245][  0]LogMeshReduction: Using ProxyLODMeshReduction for automatic mesh merging
[2021.05.27-21.16.14:245][  0]LogMeshReduction: No distributed automatic mesh merging module available
[2021.05.27-21.16.14:245][  0]LogMeshMerging: No distributed automatic mesh merging module available
[2021.05.27-21.16.14:259][  0]LogNetVersion: BallRunner 1.0.0, NetCL: 13144385, EngineNetVer: 14, GameNetVer: 0 (Checksum: 1456798764)
[2021.05.27-21.16.14:650][  0]LogAISub: UAISubsystem::UAISubsystem AISubsystem (000001BB14CEE480), frame # 0
[2021.05.27-21.16.14:650][  0]LogAISub: UAISubsystem::UAISubsystem AIPerceptionSystem (000001BB14C9A0C0), frame # 0
[2021.05.27-21.16.14:651][  0]LogAISub: UAISubsystem::UAISubsystem EnvQueryManager (000001BB14D24400), frame # 0
[2021.05.27-21.16.14:693][  0]LogPackageLocalizationCache: Processed 19 localized package path(s) for 1 prioritized culture(s) in 0.038400 seconds
[2021.05.27-21.16.14:697][  0]LogUObjectArray: 15917 objects as part of root set at end of initial load.
[2021.05.27-21.16.14:697][  0]LogUObjectAllocator: 3965568 out of 0 bytes used by permanent object pool.
[2021.05.27-21.16.14:697][  0]LogUObjectArray: CloseDisregardForGC: 0/0 objects in disregard for GC pool
[2021.05.27-21.16.14:993][  0]LogTcpMessaging: Initializing TcpMessaging bridge
[2021.05.27-21.16.14:996][  0]LogUdpMessaging: Initializing bridge on interface 0.0.0.0:0 to multicast group 230.0.0.1:6666.
[2021.05.27-21.16.15:065][  0]SourceControl: Source control is disabled
[2021.05.27-21.16.15:065][  0]SourceControl: Source control is disabled
[2021.05.27-21.16.15:067][  0]SourceControl: Source control is disabled
[2021.05.27-21.16.15:070][  0]SourceControl: Source control is disabled
[2021.05.27-21.16.15:076][  0]SourceControl: Source control is disabled
[2021.05.27-21.16.15:288][  0]LogAndroidPermission: UAndroidPermissionCallbackProxy::GetInstance
[2021.05.27-21.16.15:306][  0]LogAudioCaptureCore: Display: No Audio Capture implementations found. Audio input will be silent.
[2021.05.27-21.16.15:306][  0]LogAudioCaptureCore: Display: No Audio Capture implementations found. Audio input will be silent.
[2021.05.27-21.16.15:349][  0]LogOcInput: OculusInput pre-init called
[2021.05.27-21.16.15:361][  0]LogWindows: Failed to load 'OVRPlugin.dll' (GetLastError=126)
[2021.05.27-21.16.15:361][  0]LogWindows: File 'OVRPlugin.dll' does not exist
[2021.05.27-21.16.15:416][  0]LogEngine: Initializing Engine...
[2021.05.27-21.16.15:417][  0]LogHMD: Failed to initialize OpenVR with code 110
[2021.05.27-21.16.15:417][  0]LogMagicLeap: Warning: VR disabled because ZI is not enabled.  To enable, in the editor, Edit -> Project Settings -> Plugins -> Magic Leap Plugin -> Enable Zero Iteration
[2021.05.27-21.16.15:418][  0]LogStats: UGameplayTagsManager::InitializeManager -  0.000 s
[2021.05.27-21.16.15:523][  0]LogInit: Initializing FReadOnlyCVARCache
[2021.05.27-21.16.15:530][  0]LogAIModule: Creating AISystem for world Untitled
[2021.05.27-21.16.15:530][  0]LogAISub: UAISubsystem::UAISubsystem EnvQueryManager (000001BB1B955200), frame # 0
[2021.05.27-21.16.15:530][  0]LogAISub: UAISubsystem::UAISubsystem AIPerceptionSystem (000001BB1B95E5C0), frame # 0
[2021.05.27-21.16.15:547][  0]LogAudioMixer: Display: Audio Mixer Platform Settings:
[2021.05.27-21.16.15:547][  0]LogAudioMixer: Display: 	Sample Rate:						  48000
[2021.05.27-21.16.15:547][  0]LogAudioMixer: Display: 	Callback Buffer Frame Size Requested: 1024
[2021.05.27-21.16.15:547][  0]LogAudioMixer: Display: 	Callback Buffer Frame Size To Use:	  1024
[2021.05.27-21.16.15:547][  0]LogAudioMixer: Display: 	Number of buffers to queue:			  2
[2021.05.27-21.16.15:548][  0]LogAudioMixer: Display: 	Max Channels (voices):				  32
[2021.05.27-21.16.15:548][  0]LogAudioMixer: Display: 	Number of Async Source Workers:		  0
[2021.05.27-21.16.15:548][  0]LogAudio: Display: AudioDevice MaxSources: 32
[2021.05.27-21.16.15:548][  0]LogAudio: Display: Using built-in audio occlusion.
[2021.05.27-21.16.15:548][  0]LogAudioMixer: Display: Initializing audio mixer.
[2021.05.27-21.16.15:565][  0]LogAudioMixer: Display: 0: FrontLeft
[2021.05.27-21.16.15:565][  0]LogAudioMixer: Display: 1: FrontRight
[2021.05.27-21.16.15:600][  0]LogAudioMixer: Display: Using Audio Device Głośniki (Realtek(R) Audio)
[2021.05.27-21.16.15:603][  0]LogAudioMixer: Display: Initializing Sound Submixes...
[2021.05.27-21.16.15:604][  0]LogAudioMixer: Display: Creating Master Submix 'MasterSubmixDefault'
[2021.05.27-21.16.15:604][  0]LogAudioMixer: Display: Creating Master Submix 'MasterReverbSubmixDefault'
[2021.05.27-21.16.15:605][  0]LogAudioMixer: Display: Creating Master Submix 'MasterEQSubmixDefault'
[2021.05.27-21.16.15:606][  0]LogInit: FAudioDevice initialized.
[2021.05.27-21.16.15:606][  0]LogNetVersion: Set ProjectVersion to 1.0.0.0. Version Checksum will be recalculated on next use.
[2021.05.27-21.16.15:682][  0]LogDerivedDataCache: Saved boot cache 0.08s 104MB C:/Users/Aleksandra/AppData/Local/UnrealEngine/4.25/DerivedDataCache/Boot.ddc.
[2021.05.27-21.16.15:682][  0]LogInit: Texture streaming: Enabled
[2021.05.27-21.16.15:697][  0]LogEngineSessionManager: EngineSessionManager initialized
[2021.05.27-21.16.15:697][  0]LogEditorSessionSummary: Verbose: Initializing EditorSessionSummaryWriter for editor session tracking
[2021.05.27-21.16.15:703][  0]LogEditorSessionSummary: EditorSessionSummaryWriter initialized
[2021.05.27-21.16.15:747][  0]LogInit: Transaction tracking system initialized
[2021.05.27-21.16.15:766][  0]BlueprintLog: New page: Editor Load
[2021.05.27-21.16.15:825][  0]LocalizationService: Localization service is disabled
[2021.05.27-21.16.15:955][  0]LogCook: Display: Max memory allowance for cook 16384mb min free memory 0mb
[2021.05.27-21.16.15:955][  0]LogCook: Display: Mobile HDR setting 1
[2021.05.27-21.16.16:070][  0]LogFileCache: Scanning file cache for directory 'D:/PLIKI KOMPUTERA/UNI/I MGR/I SEMESTR/silniki/BALLRunneRR/BallRunner/Content/' took 0.00s
[2021.05.27-21.16.16:248][  0]SourceControl: Source control is disabled
[2021.05.27-21.16.16:248][  0]LogUnrealEdMisc: Loading editor; pre map load, took 5.248
[2021.05.27-21.16.16:248][  0]Cmd: MAP LOAD FILE="../../../../../PLIKI KOMPUTERA/UNI/I MGR/I SEMESTR/silniki/BALLRunneRR/BallRunner/Content/Levels/MainLevel.umap" TEMPLATE=0 SHOWPROGRESS=1 FEATURELEVEL=3
[2021.05.27-21.16.16:248][  0]LightingResults: New page: Lighting Build
[2021.05.27-21.16.16:249][  0]LogWorld: UWorld::CleanupWorld for Untitled, bSessionEnded=true, bCleanupResources=true
[2021.05.27-21.16.16:249][  0]LogSlate: InvalidateAllWidgets triggered.  All widgets were invalidated
[2021.05.27-21.16.16:249][  0]MapCheck: New page: Map Check
[2021.05.27-21.16.16:249][  0]LightingResults: New page: Lighting Build
[2021.05.27-21.16.16:265][  0]LogAISub: UAISubsystem::~UAISubsystem EnvQueryManager (000001BB1B955200), frame # 0
[2021.05.27-21.16.16:265][  0]LogAISub: UAISubsystem::~UAISubsystem AIPerceptionSystem (000001BB1B95E5C0), frame # 0
[2021.05.27-21.16.16:266][  0]LogUObjectHash: Compacting FUObjectHashTables data took   0.60ms
[2021.05.27-21.16.16:493][  0]LogAIModule: Creating AISystem for world MainLevel
[2021.05.27-21.16.16:494][  0]LogAISub: UAISubsystem::UAISubsystem EnvQueryManager (000001BB02ED7400), frame # 0
[2021.05.27-21.16.16:494][  0]LogAISub: UAISubsystem::UAISubsystem AIPerceptionSystem (000001BB03188E00), frame # 0
[2021.05.27-21.16.16:506][  0]LogEditorServer: Finished looking for orphan Actors (0.000 secs)
[2021.05.27-21.16.16:519][  0]LogUObjectHash: Compacting FUObjectHashTables data took   0.65ms
[2021.05.27-21.16.16:520][  0]Cmd: MAP CHECKDEP NOCLEARLOG
[2021.05.27-21.16.16:520][  0]MapCheck: Map check complete: 0 Error(s), 0 Warning(s), took 0,083ms to complete.
[2021.05.27-21.16.16:520][  0]LogFileHelpers: Loading map 'MainLevel' took 0.273
[2021.05.27-21.16.16:522][  0]LogUnrealEdMisc: Total Editor Startup Time, took 5.523
[2021.05.27-21.16.16:660][  0]LogSlate: Updating window title bar state: overlay mode, drag disabled, window buttons hidden, title bar hidden
[2021.05.27-21.16.16:666][  0]LogSlate: Updating window title bar state: overlay mode, drag disabled, window buttons hidden, title bar hidden
[2021.05.27-21.16.16:672][  0]LogSlate: Updating window title bar state: overlay mode, drag disabled, window buttons hidden, title bar hidden
[2021.05.27-21.16.16:678][  0]LogSlate: Updating window title bar state: overlay mode, drag disabled, window buttons hidden, title bar hidden
[2021.05.27-21.16.16:685][  0]LogCollectionManager: Loaded 0 collections in 0.000651 seconds
[2021.05.27-21.16.16:699][  0]LogFileCache: Scanning file cache for directory 'D:/PLIKI KOMPUTERA/UNI/I MGR/I SEMESTR/silniki/BALLRunneRR/BallRunner/Saved/Collections/' took 0.00s
[2021.05.27-21.16.16:699][  0]LogFileCache: Scanning file cache for directory 'D:/PLIKI KOMPUTERA/UNI/I MGR/I SEMESTR/silniki/BALLRunneRR/BallRunner/Content/Developers/Aleksandra/Collections/' took 0.00s
[2021.05.27-21.16.16:699][  0]LogFileCache: Scanning file cache for directory 'D:/PLIKI KOMPUTERA/UNI/I MGR/I SEMESTR/silniki/BALLRunneRR/BallRunner/Content/Collections/' took 0.00s
[2021.05.27-21.16.16:699][  0]LogContentBrowser: Native class hierarchy populated in 0.0097 seconds. Added 3426 classes and 820 folders.
[2021.05.27-21.16.16:701][  0]LogContentBrowser: Native class hierarchy updated for 'WidgetCarousel' in 0.0002 seconds. Added 0 classes and 0 folders.
[2021.05.27-21.16.16:764][  0]LogContentBrowser: Native class hierarchy updated for 'AddContentDialog' in 0.0002 seconds. Added 0 classes and 0 folders.
[2021.05.27-21.16.16:765][  0]LogContentBrowser: Native class hierarchy updated for 'SceneOutliner' in 0.0002 seconds. Added 2 classes and 0 folders.
[2021.05.27-21.16.16:842][  0]LogSlate: Took 0.000143 seconds to synchronously load lazily loaded font '../../../Engine/Content/Slate/Fonts/Roboto-Regular.ttf' (155K)
[2021.05.27-21.16.16:843][  0]LogSlate: Took 0.000162 seconds to synchronously load lazily loaded font '../../../Engine/Content/Slate/Fonts/Roboto-Bold.ttf' (160K)
[2021.05.27-21.16.16:847][  0]LogSlate: Took 0.000168 seconds to synchronously load lazily loaded font '../../../Engine/Content/Editor/Slate/Fonts/FontAwesome.ttf' (139K)
[2021.05.27-21.16.16:906][  0]LogRenderer: Reallocating scene render targets to support 1616x864 Format 10 NumSamples 1 (Frame:1).
[2021.05.27-21.16.17:005][  0]LogContentBrowser: Native class hierarchy updated for 'HierarchicalLODOutliner' in 0.0003 seconds. Added 0 classes and 0 folders.
[2021.05.27-21.16.17:006][  0]LogLoad: (Engine Initialization) Total time: 6.01 seconds
[2021.05.27-21.16.17:006][  0]LogLoad: (Engine Initialization) Total Blueprint compile time: 0.00 seconds
[2021.05.27-21.16.17:037][  0]LogAssetRegistry: Asset discovery search completed in 3.1074 seconds
[2021.05.27-21.16.17:040][  0]LogCollectionManager: Fixed up redirectors for 0 collections in 0.000002 seconds (updated 0 objects)
[2021.05.27-21.16.17:041][  0]LogContentStreaming: Texture pool size now 1000 MB
[2021.05.27-21.16.18:032][110]LogSlate: Took 0.000183 seconds to synchronously load lazily loaded font '../../../Engine/Content/Slate/Fonts/Roboto-Light.ttf' (167K)
[2021.05.27-21.17.51:893][475]LogUObjectHash: Compacting FUObjectHashTables data took   0.65ms
[2021.05.27-21.17.51:894][475]LogMetaData: Removing '/Game/Blueprints/Actors/LevelTriggers/BP_FaLLTrigger.BP_FaLLTrigger_C' ref from Metadata '/Game/Blueprints/Actors/LevelTriggers/BP_VoidTrigger.PackageMetaData'
[2021.05.27-21.17.51:894][475]LogMetaData: Removing '/Game/Blueprints/Actors/LevelTriggers/BP_FaLLTrigger.BP_FaLLTrigger:EventGraph.K2Node_Event_0' ref from Metadata '/Game/Blueprints/Actors/LevelTriggers/BP_VoidTrigger.PackageMetaData'
[2021.05.27-21.17.51:894][475]LogMetaData: Removing '/Game/Blueprints/Actors/LevelTriggers/BP_FaLLTrigger.BP_FaLLTrigger:EventGraph.K2Node_Event_1' ref from Metadata '/Game/Blueprints/Actors/LevelTriggers/BP_VoidTrigger.PackageMetaData'
[2021.05.27-21.17.51:894][475]LogMetaData: Removing '/Game/Blueprints/Actors/LevelTriggers/BP_FaLLTrigger.BP_FaLLTrigger:UserConstructionScript.K2Node_FunctionEntry_0' ref from Metadata '/Game/Blueprints/Actors/LevelTriggers/BP_VoidTrigger.PackageMetaData'
[2021.05.27-21.17.51:894][475]LogMetaData: Removing '/Game/Blueprints/Actors/LevelTriggers/BP_FaLLTrigger.SKEL_BP_FaLLTrigger_C' ref from Metadata '/Game/Blueprints/Actors/LevelTriggers/BP_VoidTrigger.PackageMetaData'
[2021.05.27-21.17.51:932][475]LogSavePackage: Moving '../../../../../PLIKI KOMPUTERA/UNI/I MGR/I SEMESTR/silniki/BALLRunneRR/BallRunner/Saved/BP_FaLLTriggerA148689947F7C762981AD5ADC540CCE2.tmp' to '../../../../../PLIKI KOMPUTERA/UNI/I MGR/I SEMESTR/silniki/BALLRunneRR/BallRunner/Content/Blueprints/Actors/LevelTriggers/BP_FaLLTrigger.uasset'
[2021.05.27-21.17.51:938][475]LogSavePackage: Moving '../../../../../PLIKI KOMPUTERA/UNI/I MGR/I SEMESTR/silniki/BALLRunneRR/BallRunner/Saved/BP_VoidTriggerB49F88BA48B5F40CA8D01E8DE2196AD6.tmp' to '../../../../../PLIKI KOMPUTERA/UNI/I MGR/I SEMESTR/silniki/BALLRunneRR/BallRunner/Content/Blueprints/Actors/LevelTriggers/BP_VoidTrigger.uasset'
[2021.05.27-21.17.51:968][475]AssetCheck: New page: Asset Save: multiple assets
[2021.05.27-21.17.51:968][475]LogContentValidation: Display: Validating Blueprint /Game/Blueprints/Actors/LevelTriggers/BP_FaLLTrigger.BP_FaLLTrigger
[2021.05.27-21.17.51:968][475]LogContentValidation: Display: Validating ObjectRedirector /Game/Blueprints/Actors/LevelTriggers/BP_VoidTrigger.BP_VoidTrigger
[2021.05.27-21.17.51:968][475]LogContentValidation: Display: Validating ObjectRedirector /Game/Blueprints/Actors/LevelTriggers/BP_VoidTrigger.BP_VoidTrigger_C
[2021.05.27-21.17.56:708][876]LogSlate: Window 'Pick Parent Class' being destroyed
[2021.05.27-21.18.25:773][451]LogAssetEditorSubsystem: Opening Asset editor for Blueprint /Game/Blueprints/Actors/LevelTriggers/BP_WinCondition_01.BP_WinCondition_01
[2021.05.27-21.18.25:953][451]LogContentBrowser: Native class hierarchy updated for 'BlueprintGraph' in 0.0005 seconds. Added 125 classes and 0 folders.
[2021.05.27-21.18.59:311][ 71]LogSlate: Took 0.000236 seconds to synchronously load lazily loaded font '../../../Engine/Content/Slate/Fonts/Roboto-Italic.ttf' (157K)
[2021.05.27-21.19.10:499][363]BlueprintLog: New page: Compile BP_WinCondition_01
[2021.05.27-21.19.10:526][363]LogUObjectHash: Compacting FUObjectHashTables data took   1.97ms
[2021.05.27-21.19.10:559][363]LogSlate: Took 0.000233 seconds to synchronously load lazily loaded font '../../../Engine/Content/Slate/Fonts/DroidSansMono.ttf' (77K)
[2021.05.27-21.19.16:589][  0]LogEditorViewport: Clicking on Actor (LMB): BP_Obstacle_C (BP_Obstacle)
[2021.05.27-21.19.18:566][217]Cmd: TRANSACTION UNDO
[2021.05.27-21.19.18:566][217]LogEditorTransaction: Undo Move Actors
[2021.05.27-21.19.21:017][401]LogEditorViewport: Clicking on Actor (LMB): BP_WinCondition_01_C (BP_WinCondition_01)
[2021.05.27-21.20.03:035][844]LogSlate: Took 0.000206 seconds to synchronously load lazily loaded font '../../../Engine/Content/Slate/Fonts/Roboto-BoldCondensed.ttf' (158K)
[2021.05.27-21.20.28:251][545]LogEditorTransaction: Undo Add Node
[2021.05.27-21.20.28:587][554]LogEditorTransaction: Undo Delete current selection
[2021.05.27-21.23.04:653][ 45]LogAssetEditorSubsystem: Opening Asset editor for Blueprint /Game/Blueprints/Actors/Collectibles/BP_Crystal.BP_Crystal
[2021.05.27-21.27.28:262][814]LogSlate: Window 'Pick Parent Class' being destroyed
[2021.05.27-21.27.40:693][250]LogAssetEditorSubsystem: Opening Asset editor for Blueprint /Game/Libraries/ML_Actors.ML_Actors
[2021.05.27-21.28.48:088][871]LogSlate: Took 0.017457 seconds to synchronously load lazily loaded font '../../../Engine/Content/Slate/Fonts/Roboto-BoldCondensedItalic.ttf' (160K)
[2021.05.27-21.28.52:808][368]LogUObjectHash: Compacting FUObjectHashTables data took   1.91ms
[2021.05.27-21.28.52:842][368]LogSavePackage: Moving '../../../../../PLIKI KOMPUTERA/UNI/I MGR/I SEMESTR/silniki/BALLRunneRR/BallRunner/Saved/MainLevel_Auto19373FB64497455A4FDE272A712BE748B.tmp' to '../../../../../PLIKI KOMPUTERA/UNI/I MGR/I SEMESTR/silniki/BALLRunneRR/BallRunner/Saved/Autosaves/Game/Levels/MainLevel_Auto1.umap'
[2021.05.27-21.28.52:843][368]LogFileHelpers: Editor autosave (incl. sublevels) for '/Game/Levels/MainLevel' took 0.060
[2021.05.27-21.28.52:843][368]LogFileHelpers: Editor autosave (incl. sublevels) for all levels took 0.060
[2021.05.27-21.28.52:844][368]OBJ SavePackage: Generating thumbnails for [0] asset(s) in package [/Game/Blueprints/Actors/LevelTriggers/BP_WinCondition_01] ([1] browsable assets)...
[2021.05.27-21.28.52:844][368]OBJ SavePackage: Finished generating thumbnails for package [/Game/Blueprints/Actors/LevelTriggers/BP_WinCondition_01]
[2021.05.27-21.28.52:847][368]LogSavePackage: Moving '../../../../../PLIKI KOMPUTERA/UNI/I MGR/I SEMESTR/silniki/BALLRunneRR/BallRunner/Saved/BP_WinCondition_01_Auto1491AD77A4707A9B157AA149D9A1A1488.tmp' to '../../../../../PLIKI KOMPUTERA/UNI/I MGR/I SEMESTR/silniki/BALLRunneRR/BallRunner/Saved/Autosaves/Game/Blueprints/Actors/LevelTriggers/BP_WinCondition_01_Auto1.uasset'
[2021.05.27-21.28.52:848][368]OBJ SavePackage: Generating thumbnails for [0] asset(s) in package [/Game/Libraries/ML_Actors] ([1] browsable assets)...
[2021.05.27-21.28.52:848][368]OBJ SavePackage: Finished generating thumbnails for package [/Game/Libraries/ML_Actors]
[2021.05.27-21.28.52:851][368]LogSavePackage: Moving '../../../../../PLIKI KOMPUTERA/UNI/I MGR/I SEMESTR/silniki/BALLRunneRR/BallRunner/Saved/ML_Actors_Auto19B21812849DC238AD5031C96E8995AF0.tmp' to '../../../../../PLIKI KOMPUTERA/UNI/I MGR/I SEMESTR/silniki/BALLRunneRR/BallRunner/Saved/Autosaves/Game/Libraries/ML_Actors_Auto1.uasset'
[2021.05.27-21.28.52:852][368]LogFileHelpers: Auto-saving content packages took 0.008
[2021.05.27-21.32.18:934][237]Cmd: OBJ SAVEPACKAGE PACKAGE="/Game/Libraries/ML_Actors" FILE="../../../../../PLIKI KOMPUTERA/UNI/I MGR/I SEMESTR/silniki/BALLRunneRR/BallRunner/Content/Libraries/ML_Actors.uasset" SILENT=true
[2021.05.27-21.32.18:938][237]LogSavePackage: Moving '../../../../../PLIKI KOMPUTERA/UNI/I MGR/I SEMESTR/silniki/BALLRunneRR/BallRunner/Saved/ML_Actors148889BB408AE9A432B4FE95283263D9.tmp' to '../../../../../PLIKI KOMPUTERA/UNI/I MGR/I SEMESTR/silniki/BALLRunneRR/BallRunner/Content/Libraries/ML_Actors.uasset'
[2021.05.27-21.32.18:954][237]AssetCheck: New page: Asset Save: ML_Actors
[2021.05.27-21.32.18:954][237]LogContentValidation: Display: Validating Blueprint /Game/Libraries/ML_Actors.ML_Actors
[2021.05.27-21.32.19:134][255]Cmd: OBJ SAVEPACKAGE PACKAGE="/Game/Libraries/ML_Actors" FILE="../../../../../PLIKI KOMPUTERA/UNI/I MGR/I SEMESTR/silniki/BALLRunneRR/BallRunner/Content/Libraries/ML_Actors.uasset" SILENT=true
[2021.05.27-21.32.19:141][255]LogSavePackage: Moving '../../../../../PLIKI KOMPUTERA/UNI/I MGR/I SEMESTR/silniki/BALLRunneRR/BallRunner/Saved/ML_ActorsD15D084045036D2713C2508202F6CC38.tmp' to '../../../../../PLIKI KOMPUTERA/UNI/I MGR/I SEMESTR/silniki/BALLRunneRR/BallRunner/Content/Libraries/ML_Actors.uasset'
[2021.05.27-21.32.19:150][255]AssetCheck: New page: Asset Save: ML_Actors
[2021.05.27-21.32.19:150][255]LogContentValidation: Display: Validating Blueprint /Game/Libraries/ML_Actors.ML_Actors
[2021.05.27-21.32.59:501][  6]Cmd: OBJ SAVEPACKAGE PACKAGE="/Game/Libraries/ML_Actors" FILE="../../../../../PLIKI KOMPUTERA/UNI/I MGR/I SEMESTR/silniki/BALLRunneRR/BallRunner/Content/Libraries/ML_Actors.uasset" SILENT=true
[2021.05.27-21.32.59:507][  6]LogSavePackage: Moving '../../../../../PLIKI KOMPUTERA/UNI/I MGR/I SEMESTR/silniki/BALLRunneRR/BallRunner/Saved/ML_Actors63AD9C994D731B8A9FF8B3ABF087575A.tmp' to '../../../../../PLIKI KOMPUTERA/UNI/I MGR/I SEMESTR/silniki/BALLRunneRR/BallRunner/Content/Libraries/ML_Actors.uasset'
[2021.05.27-21.32.59:525][  6]AssetCheck: New page: Asset Save: ML_Actors
[2021.05.27-21.32.59:525][  6]LogContentValidation: Display: Validating Blueprint /Game/Libraries/ML_Actors.ML_Actors
[2021.05.27-21.32.59:716][ 26]Cmd: OBJ SAVEPACKAGE PACKAGE="/Game/Libraries/ML_Actors" FILE="../../../../../PLIKI KOMPUTERA/UNI/I MGR/I SEMESTR/silniki/BALLRunneRR/BallRunner/Content/Libraries/ML_Actors.uasset" SILENT=true
[2021.05.27-21.32.59:722][ 26]LogSavePackage: Moving '../../../../../PLIKI KOMPUTERA/UNI/I MGR/I SEMESTR/silniki/BALLRunneRR/BallRunner/Saved/ML_Actors2D9C8DCB44BE1BC344C630B6F693BD9E.tmp' to '../../../../../PLIKI KOMPUTERA/UNI/I MGR/I SEMESTR/silniki/BALLRunneRR/BallRunner/Content/Libraries/ML_Actors.uasset'
[2021.05.27-21.32.59:733][ 26]AssetCheck: New page: Asset Save: ML_Actors
[2021.05.27-21.32.59:733][ 26]LogContentValidation: Display: Validating Blueprint /Game/Libraries/ML_Actors.ML_Actors
[2021.05.27-21.33.44:665][924]BlueprintLog: New page: Compile BP_Crystal
[2021.05.27-21.33.44:705][924]LogUObjectHash: Compacting FUObjectHashTables data took   1.97ms
[2021.05.27-21.36.04:032][370]LogMetaData: Removing '/Game/Blueprints/Actors/Volumes/BP_WinCondition_01.BP_WinCondition_01:UserConstructionScript.K2Node_FunctionEntry_0' ref from Metadata '/Game/Blueprints/Actors/LevelTriggers/BP_WinCondition_01.PackageMetaData'
[2021.05.27-21.36.04:032][370]LogMetaData: Removing '/Game/Blueprints/Actors/Volumes/BP_WinCondition_01.SKEL_BP_WinCondition_01_C' ref from Metadata '/Game/Blueprints/Actors/LevelTriggers/BP_WinCondition_01.PackageMetaData'
[2021.05.27-21.36.04:032][370]LogMetaData: Removing '/Game/Blueprints/Actors/Volumes/BP_WinCondition_01.BP_WinCondition_01_C' ref from Metadata '/Game/Blueprints/Actors/LevelTriggers/BP_WinCondition_01.PackageMetaData'
[2021.05.27-21.36.04:032][370]LogMetaData: Removing '/Game/Blueprints/Actors/Volumes/BP_WinCondition_01.BP_WinCondition_01:EventGraph.K2Node_Event_0' ref from Metadata '/Game/Blueprints/Actors/LevelTriggers/BP_WinCondition_01.PackageMetaData'
[2021.05.27-21.36.04:032][370]LogMetaData: Removing '/Game/Blueprints/Actors/Volumes/BP_WinCondition_01.BP_WinCondition_01:EventGraph.K2Node_Event_1' ref from Metadata '/Game/Blueprints/Actors/LevelTriggers/BP_WinCondition_01.PackageMetaData'
[2021.05.27-21.36.04:032][370]LogMetaData: Removing '/Game/Blueprints/Actors/Volumes/BP_WinCondition_01.BP_WinCondition_01:EventGraph.K2Node_Event_2' ref from Metadata '/Game/Blueprints/Actors/LevelTriggers/BP_WinCondition_01.PackageMetaData'
[2021.05.27-21.36.04:032][370]LogMetaData: Removing '/Game/Blueprints/Actors/Volumes/BP_WinCondition_01.SKEL_BP_WinCondition_01_C:UserConstructionScript' ref from Metadata '/Game/Blueprints/Actors/LevelTriggers/BP_WinCondition_01.PackageMetaData'
[2021.05.27-21.36.04:032][370]LogMetaData: Removing '/Game/Blueprints/Actors/Volumes/BP_WinCondition_01.SKEL_BP_WinCondition_01_C:ReceiveActorBeginOverlap' ref from Metadata '/Game/Blueprints/Actors/LevelTriggers/BP_WinCondition_01.PackageMetaData'
[2021.05.27-21.36.04:070][370]LogSavePackage: Moving '../../../../../PLIKI KOMPUTERA/UNI/I MGR/I SEMESTR/silniki/BALLRunneRR/BallRunner/Saved/BP_WinCondition_0133CB9F0F4D27B43604ACE0832C8FF2BE.tmp' to '../../../../../PLIKI KOMPUTERA/UNI/I MGR/I SEMESTR/silniki/BALLRunneRR/BallRunner/Content/Blueprints/Actors/Volumes/BP_WinCondition_01.uasset'
[2021.05.27-21.36.04:291][370]LogUObjectHash: Compacting FUObjectHashTables data took   2.92ms
[2021.05.27-21.36.04:320][370]LogUObjectHash: Compacting FUObjectHashTables data took   1.21ms
[2021.05.27-21.36.04:340][370]LogUObjectHash: Compacting FUObjectHashTables data took   0.40ms
[2021.05.27-21.36.04:367][370]AssetCheck: New page: Asset Save: BP_WinCondition_01
[2021.05.27-21.36.04:368][370]LogContentValidation: Display: Validating Blueprint /Game/Blueprints/Actors/Volumes/BP_WinCondition_01.BP_WinCondition_01
[2021.05.27-21.36.18:947][893]LogMetaData: Removing '/Game/Blueprints/Actors/Volumes/BP_FaLLTrigger.BP_FaLLTrigger_C' ref from Metadata '/Game/Blueprints/Actors/LevelTriggers/BP_FaLLTrigger.PackageMetaData'
[2021.05.27-21.36.18:947][893]LogMetaData: Removing '/Game/Blueprints/Actors/Volumes/BP_FaLLTrigger.SKEL_BP_FaLLTrigger_C' ref from Metadata '/Game/Blueprints/Actors/LevelTriggers/BP_FaLLTrigger.PackageMetaData'
[2021.05.27-21.36.18:947][893]LogMetaData: Removing '/Game/Blueprints/Actors/Volumes/BP_FaLLTrigger.BP_FaLLTrigger:EventGraph.K2Node_Event_0' ref from Metadata '/Game/Blueprints/Actors/LevelTriggers/BP_FaLLTrigger.PackageMetaData'
[2021.05.27-21.36.18:947][893]LogMetaData: Removing '/Game/Blueprints/Actors/Volumes/BP_FaLLTrigger.BP_FaLLTrigger:EventGraph.K2Node_Event_1' ref from Metadata '/Game/Blueprints/Actors/LevelTriggers/BP_FaLLTrigger.PackageMetaData'
[2021.05.27-21.36.18:947][893]LogMetaData: Removing '/Game/Blueprints/Actors/Volumes/BP_FaLLTrigger.BP_FaLLTrigger:UserConstructionScript.K2Node_FunctionEntry_0' ref from Metadata '/Game/Blueprints/Actors/LevelTriggers/BP_FaLLTrigger.PackageMetaData'
[2021.05.27-21.36.18:947][893]LogMetaData: Removing '/Game/Blueprints/Actors/Volumes/BP_FaLLTrigger.SKEL_BP_FaLLTrigger_C:ReceiveBeginPlay' ref from Metadata '/Game/Blueprints/Actors/LevelTriggers/BP_FaLLTrigger.PackageMetaData'
[2021.05.27-21.36.18:947][893]LogMetaData: Removing '/Game/Blueprints/Actors/Volumes/BP_FaLLTrigger.SKEL_BP_FaLLTrigger_C:ReceiveActorBeginOverlap' ref from Metadata '/Game/Blueprints/Actors/LevelTriggers/BP_FaLLTrigger.PackageMetaData'
[2021.05.27-21.36.18:947][893]LogMetaData: Removing '/Game/Blueprints/Actors/Volumes/BP_FaLLTrigger.SKEL_BP_FaLLTrigger_C:BndEvt__Box_K2Node_ComponentBoundEvent_0_ComponentBeginOverlapSignature__DelegateSignature' ref from Metadata '/Game/Blueprints/Actors/LevelTriggers/BP_FaLLTrigger.PackageMetaData'
[2021.05.27-21.36.18:947][893]LogMetaData: Removing '/Game/Blueprints/Actors/Volumes/BP_FaLLTrigger.SKEL_BP_FaLLTrigger_C:UserConstructionScript' ref from Metadata '/Game/Blueprints/Actors/LevelTriggers/BP_FaLLTrigger.PackageMetaData'
[2021.05.27-21.36.18:985][893]LogSavePackage: Moving '../../../../../PLIKI KOMPUTERA/UNI/I MGR/I SEMESTR/silniki/BALLRunneRR/BallRunner/Saved/BP_FaLLTrigger217756C34A1277323D7A6DA88E5000A3.tmp' to '../../../../../PLIKI KOMPUTERA/UNI/I MGR/I SEMESTR/silniki/BALLRunneRR/BallRunner/Content/Blueprints/Actors/Volumes/BP_FaLLTrigger.uasset'
[2021.05.27-21.36.19:153][893]LogUObjectHash: Compacting FUObjectHashTables data took   1.70ms
[2021.05.27-21.36.19:181][893]LogUObjectHash: Compacting FUObjectHashTables data took   1.40ms
[2021.05.27-21.36.19:201][893]LogUObjectHash: Compacting FUObjectHashTables data took   0.44ms
[2021.05.27-21.36.19:237][893]LogSavePackage: Moving '../../../../../PLIKI KOMPUTERA/UNI/I MGR/I SEMESTR/silniki/BALLRunneRR/BallRunner/Saved/BP_VoidTrigger941F4F914CF1905D8EFA65826420A74D.tmp' to '../../../../../PLIKI KOMPUTERA/UNI/I MGR/I SEMESTR/silniki/BALLRunneRR/BallRunner/Content/Blueprints/Actors/LevelTriggers/BP_VoidTrigger.uasset'
[2021.05.27-21.36.19:273][893]AssetCheck: New page: Asset Save: multiple assets
[2021.05.27-21.36.19:273][893]LogContentValidation: Display: Validating Blueprint /Game/Blueprints/Actors/Volumes/BP_FaLLTrigger.BP_FaLLTrigger
[2021.05.27-21.36.19:273][893]LogContentValidation: Display: Validating ObjectRedirector /Game/Blueprints/Actors/LevelTriggers/BP_VoidTrigger.BP_VoidTrigger
[2021.05.27-21.36.19:273][893]LogContentValidation: Display: Validating ObjectRedirector /Game/Blueprints/Actors/LevelTriggers/BP_VoidTrigger.BP_VoidTrigger_C
[2021.05.27-21.39.15:066][153]LogUObjectHash: Compacting FUObjectHashTables data took   1.65ms
[2021.05.27-21.39.15:098][153]LogSavePackage: Moving '../../../../../PLIKI KOMPUTERA/UNI/I MGR/I SEMESTR/silniki/BALLRunneRR/BallRunner/Saved/MainLevel_Auto203EB0A3144794871BE6B3980216252C1.tmp' to '../../../../../PLIKI KOMPUTERA/UNI/I MGR/I SEMESTR/silniki/BALLRunneRR/BallRunner/Saved/Autosaves/Game/Levels/MainLevel_Auto2.umap'
[2021.05.27-21.39.15:100][153]LogFileHelpers: Editor autosave (incl. sublevels) for '/Game/Levels/MainLevel' took 0.053
[2021.05.27-21.39.15:100][153]LogFileHelpers: Editor autosave (incl. sublevels) for all levels took 0.053
[2021.05.27-21.39.15:100][153]OBJ SavePackage: Generating thumbnails for [1] asset(s) in package [/Game/Blueprints/Actors/Collectibles/BP_Crystal] ([1] browsable assets)...
[2021.05.27-21.39.15:107][153]OBJ SavePackage:     Rendered thumbnail for [Blueprint /Game/Blueprints/Actors/Collectibles/BP_Crystal.BP_Crystal]
[2021.05.27-21.39.15:107][153]OBJ SavePackage: Finished generating thumbnails for package [/Game/Blueprints/Actors/Collectibles/BP_Crystal]
[2021.05.27-21.39.15:129][153]LogSavePackage: Moving '../../../../../PLIKI KOMPUTERA/UNI/I MGR/I SEMESTR/silniki/BALLRunneRR/BallRunner/Saved/BP_Crystal_Auto2C355D53C42C8713CA9C1E08763C11D4D.tmp' to '../../../../../PLIKI KOMPUTERA/UNI/I MGR/I SEMESTR/silniki/BALLRunneRR/BallRunner/Saved/Autosaves/Game/Blueprints/Actors/Collectibles/BP_Crystal_Auto2.uasset'
[2021.05.27-21.39.15:132][153]LogFileHelpers: Auto-saving content packages took 0.033
[2021.05.27-21.44.04:050][314]LogSlate: Prevented a slow task dialog from being summoned while a context menu was open
[2021.05.27-21.44.13:745][414]BlueprintLog: New page: Compile BP_WinCondition_01
[2021.05.27-21.44.13:788][414]LogUObjectHash: Compacting FUObjectHashTables data took   1.73ms
[2021.05.27-21.49.15:567][609]LogUObjectHash: Compacting FUObjectHashTables data took   1.86ms
[2021.05.27-21.49.15:600][609]LogSavePackage: Moving '../../../../../PLIKI KOMPUTERA/UNI/I MGR/I SEMESTR/silniki/BALLRunneRR/BallRunner/Saved/MainLevel_Auto3DED1B2DA48FC1729BA782E9F5093C3DE.tmp' to '../../../../../PLIKI KOMPUTERA/UNI/I MGR/I SEMESTR/silniki/BALLRunneRR/BallRunner/Saved/Autosaves/Game/Levels/MainLevel_Auto3.umap'
[2021.05.27-21.49.15:601][609]LogFileHelpers: Editor autosave (incl. sublevels) for '/Game/Levels/MainLevel' took 0.061
[2021.05.27-21.49.15:601][609]LogFileHelpers: Editor autosave (incl. sublevels) for all levels took 0.061
[2021.05.27-21.49.15:602][609]OBJ SavePackage: Generating thumbnails for [0] asset(s) in package [/Game/Blueprints/Actors/Volumes/BP_WinCondition_01] ([1] browsable assets)...
[2021.05.27-21.49.15:602][609]OBJ SavePackage: Finished generating thumbnails for package [/Game/Blueprints/Actors/Volumes/BP_WinCondition_01]
[2021.05.27-21.49.15:609][609]LogSavePackage: Moving '../../../../../PLIKI KOMPUTERA/UNI/I MGR/I SEMESTR/silniki/BALLRunneRR/BallRunner/Saved/BP_WinCondition_01_Auto3AD498CA043D03D41198784B101E7A10E.tmp' to '../../../../../PLIKI KOMPUTERA/UNI/I MGR/I SEMESTR/silniki/BALLRunneRR/BallRunner/Saved/Autosaves/Game/Blueprints/Actors/Volumes/BP_WinCondition_01_Auto3.uasset'
[2021.05.27-21.49.15:610][609]LogFileHelpers: Auto-saving content packages took 0.008
[2021.05.27-21.51.50:627][661]LogUObjectHash: Compacting FUObjectHashTables data took   0.40ms
[2021.05.27-21.51.50:674][661]LogUObjectHash: Compacting FUObjectHashTables data took   0.39ms
[2021.05.27-21.51.50:705][661]LogSavePackage: Moving '../../../../../PLIKI KOMPUTERA/UNI/I MGR/I SEMESTR/silniki/BALLRunneRR/BallRunner/Saved/MainLevelB2CD5B8C48EA5B6ADB998AB96643AB66.tmp' to '../../../../../PLIKI KOMPUTERA/UNI/I MGR/I SEMESTR/silniki/BALLRunneRR/BallRunner/Content/Levels/MainLevel.umap'
[2021.05.27-21.51.50:724][661]LogFileHelpers: Saving map 'MainLevel' took 0.068
[2021.05.27-21.51.50:741][661]LogSavePackage: Moving '../../../../../PLIKI KOMPUTERA/UNI/I MGR/I SEMESTR/silniki/BALLRunneRR/BallRunner/Saved/MainLevel_BuiltData838FF331478D9DD23EDF13BDA06B18B2.tmp' to '../../../../../PLIKI KOMPUTERA/UNI/I MGR/I SEMESTR/silniki/BALLRunneRR/BallRunner/Content/Levels/MainLevel_BuiltData.uasset'
[2021.05.27-21.51.50:761][661]LogSavePackage: Moving '../../../../../PLIKI KOMPUTERA/UNI/I MGR/I SEMESTR/silniki/BALLRunneRR/BallRunner/Saved/BP_CrystalCFAEF090438B6D302FA52BA3FA813BCF.tmp' to '../../../../../PLIKI KOMPUTERA/UNI/I MGR/I SEMESTR/silniki/BALLRunneRR/BallRunner/Content/Blueprints/Actors/Collectibles/BP_Crystal.uasset'
[2021.05.27-21.51.50:771][661]LogSavePackage: Moving '../../../../../PLIKI KOMPUTERA/UNI/I MGR/I SEMESTR/silniki/BALLRunneRR/BallRunner/Saved/BP_WinCondition_013FFA16C045DA80E7FDC9A4B5A7631771.tmp' to '../../../../../PLIKI KOMPUTERA/UNI/I MGR/I SEMESTR/silniki/BALLRunneRR/BallRunner/Content/Blueprints/Actors/Volumes/BP_WinCondition_01.uasset'
[2021.05.27-21.51.50:790][661]AssetCheck: New page: Asset Save: multiple assets
[2021.05.27-21.51.50:790][661]LogContentValidation: Display: Validating World /Game/Levels/MainLevel.MainLevel
[2021.05.27-21.51.50:790][661]LogContentValidation: Display: Validating MapBuildDataRegistry /Game/Levels/MainLevel_BuiltData.MainLevel_BuiltData
[2021.05.27-21.51.50:791][661]LogContentValidation: Display: Validating Blueprint /Game/Blueprints/Actors/Collectibles/BP_Crystal.BP_Crystal
[2021.05.27-21.51.50:791][661]LogContentValidation: Display: Validating Blueprint /Game/Blueprints/Actors/Volumes/BP_WinCondition_01.BP_WinCondition_01
